cmdsize=88
databuf0=88
databuf1=37
procdata
CMD_SET
buf:@@1|CMD_SET|2015-07-24 21:16:32|@@0
cmdsize=768
databuf0=768
databuf1=548
procdata
CMD_KEEP
buf:@@1|CMD_KEEP|82|@@0
insert into xt_taskvalue
procdata
CMD_KEEP
buf:@@1|CMD_KEEP|83|@@0
insert into xt_taskvalue
procdata
CMD_KEEP
buf:@@1|CMD_KEEP|84|@@0
insert into xt_taskvalue
procdata
CMD_KEEP
buf:@@1|CMD_KEEP|85|@@0
insert into xt_taskvalue
procdata
CMD_KEEP
buf:@@1|CMD_KEEP|86|@@0
insert into xt_taskvalue
cmdsize=768
databuf0=768
databuf1=547
procdata
CMD_KEEP
buf:@@1|CMD_KEEP|87|@@0
insert into xt_taskvalue
procdata
CMD_KEEP
buf:@@1|CMD_KEEP|88|@@0
insert into xt_taskvalue
procdata
CMD_KEEP
buf:@@1|CMD_KEEP|89|@@0
insert into xt_taskvalue
procdata
CMD_KEEP
buf:@@1|CMD_KEEP|90|@@0
insert into xt_taskvalue
procdata
CMD_KEEP
buf:@@1|CMD_KEEP|91|@@0
insert into xt_taskvalue
cmdsize=768
databuf0=768
databuf1=545
procdata
CMD_KEEP
buf:@@1|CMD_KEEP|92|@@0
insert into xt_taskvalue
procdata
CMD_KEEP
buf:@@1|CMD_KEEP|93|@@0
insert into xt_taskvalue
procdata
CMD_KEEP
buf:@@1|CMD_KEEP|94|@@0
insert into xt_taskvalue
procdata
CMD_KEEP
buf:@@1|CMD_KEEP|95|@@0
insert into xt_taskvalue
procdata
CMD_KEEP
buf:@@1|CMD_KEEP|96|@@0
insert into xt_taskvalue
cmdsize=768
databuf0=768
databuf1=551
procdata
CMD_KEEP
buf:@@1|CMD_KEEP|97|@@0
insert into xt_taskvalue
procdata
CMD_KEEP
buf:@@1|CMD_KEEP|98|@@0
insert into xt_taskvalue
procdata
CMD_KEEP
buf:@@1|CMD_KEEP|99|@@0
insert into xt_taskvalue
procdata
CMD_KEEP
buf:@@1|CMD_KEEP|100|@@0
insert into xt_taskvalue
procdata
CMD_KEEP
buf:@@1|CMD_KEEP|101|@@0
insert into xt_taskvalue
cmdsize=768
databuf0=768
databuf1=553
procdata
CMD_KEEP
buf:@@1|CMD_KEEP|102|@@0
insert into xt_taskvalue
procdata
CMD_KEEP
buf:@@1|CMD_KEEP|103|@@0
insert into xt_taskvalue
procdata
CMD_KEEP
buf:@@1|CMD_KEEP|104|@@0
insert into xt_taskvalue
procdata
CMD_KEEP
buf:@@1|CMD_KEEP|105|@@0
insert into xt_taskvalue
procdata
CMD_KEEP
buf:@@1|CMD_KEEP|106|@@0
insert into xt_taskvalue
cmdsize=768
databuf0=768
databuf1=555
procdata
CMD_KEEP
buf:@@1|CMD_KEEP|107|@@0
insert into xt_taskvalue
procdata
CMD_KEEP
buf:@@1|CMD_KEEP|108|@@0
insert into xt_taskvalue
procdata
CMD_KEEP
buf:@@1|CMD_KEEP|109|@@0
insert into xt_taskvalue
procdata
CMD_KEEP
buf:@@1|CMD_KEEP|110|@@0
insert into xt_taskvalue
procdata
CMD_KEEP
buf:@@1|CMD_KEEP|111|@@0
insert into xt_taskvalue
cmdsize=768
databuf0=768
databuf1=554
procdata
CMD_KEEP
buf:@@1|CMD_KEEP|112|@@0
insert into xt_taskvalue
procdata
CMD_KEEP
buf:@@1|CMD_KEEP|113|@@0
insert into xt_taskvalue
procdata
CMD_KEEP
buf:@@1|CMD_KEEP|114|@@0
insert into xt_taskvalue
procdata
CMD_KEEP
buf:@@1|CMD_KEEP|115|@@0
insert into xt_taskvalue
procdata
CMD_KEEP
buf:@@1|CMD_KEEP|116|@@0
insert into xt_taskvalue
cmdsize=768
databuf0=768
databuf1=552
procdata
CMD_KEEP
buf:@@1|CMD_KEEP|117|@@0
insert into xt_taskvalue
procdata
CMD_KEEP
buf:@@1|CMD_KEEP|118|@@0
insert into xt_taskvalue
procdata
CMD_KEEP
buf:@@1|CMD_KEEP|119|@@0
insert into xt_taskvalue
procdata
CMD_KEEP
buf:@@1|CMD_KEEP|120|@@0
insert into xt_taskvalue
procdata
CMD_KEEP
buf:@@1|CMD_KEEP|121|@@0
insert into xt_taskvalue
cmdsize=768
databuf0=768
databuf1=555
procdata
CMD_KEEP
buf:@@1|CMD_KEEP|122|@@0
insert into xt_taskvalue
procdata
CMD_KEEP
buf:@@1|CMD_KEEP|123|@@0
insert into xt_taskvalue
procdata
CMD_KEEP
buf:@@1|CMD_KEEP|124|@@0
insert into xt_taskvalue
procdata
CMD_KEEP
buf:@@1|CMD_KEEP|125|@@0
insert into xt_taskvalue
procdata
CMD_KEEP
buf:@@1|CMD_KEEP|126|@@0
insert into xt_taskvalue
cmdsize=768
databuf0=768
databuf1=553
procdata
CMD_KEEP
buf:@@1|CMD_KEEP|127|@@0
insert into xt_taskvalue
procdata
CMD_KEEP
buf:@@1|CMD_KEEP|128|@@0
insert into xt_taskvalue
procdata
CMD_KEEP
buf:@@1|CMD_KEEP|129|@@0
insert into xt_taskvalue
procdata
CMD_KEEP
buf:@@1|CMD_KEEP|130|@@0
insert into xt_taskvalue
procdata
CMD_KEEP
buf:@@1|CMD_KEEP|131|@@0
insert into xt_taskvalue
cmdsize=768
databuf0=768
databuf1=553
procdata
CMD_KEEP
buf:@@1|CMD_KEEP|132|@@0
insert into xt_taskvalue
procdata
CMD_KEEP
buf:@@1|CMD_KEEP|133|@@0
insert into xt_taskvalue
procdata
CMD_KEEP
buf:@@1|CMD_KEEP|134|@@0
insert into xt_taskvalue
procdata
CMD_KEEP
buf:@@1|CMD_KEEP|135|@@0
insert into xt_taskvalue
procdata
CMD_KEEP
buf:@@1|CMD_KEEP|136|@@0
insert into xt_taskvalue
cmdsize=768
databuf0=768
databuf1=551
procdata
CMD_KEEP
buf:@@1|CMD_KEEP|137|@@0
insert into xt_taskvalue
procdata
CMD_KEEP
buf:@@1|CMD_KEEP|138|@@0
insert into xt_taskvalue
procdata
CMD_KEEP
buf:@@1|CMD_KEEP|139|@@0
insert into xt_taskvalue
procdata
CMD_KEEP
buf:@@1|CMD_KEEP|140|@@0
insert into xt_taskvalue
procdata
CMD_KEEP
buf:@@1|CMD_KEEP|141|@@0
insert into xt_taskvalue
cmdsize=768
databuf0=768
databuf1=554
procdata
CMD_KEEP
buf:@@1|CMD_KEEP|142|@@0
insert into xt_taskvalue
procdata
CMD_KEEP
buf:@@1|CMD_KEEP|143|@@0
insert into xt_taskvalue
procdata
CMD_KEEP
buf:@@1|CMD_KEEP|144|@@0
insert into xt_taskvalue
procdata
CMD_KEEP
buf:@@1|CMD_KEEP|145|@@0
insert into xt_taskvalue
procdata
CMD_KEEP
buf:@@1|CMD_KEEP|146|@@0
insert into xt_taskvalue
cmdsize=768
databuf0=768
databuf1=554
procdata
CMD_KEEP
buf:@@1|CMD_KEEP|147|@@0
insert into xt_taskvalue
procdata
CMD_KEEP
buf:@@1|CMD_KEEP|148|@@0
insert into xt_taskvalue
procdata
CMD_KEEP
buf:@@1|CMD_KEEP|149|@@0
insert into xt_taskvalue
procdata
CMD_KEEP
buf:@@1|CMD_KEEP|150|@@0
insert into xt_taskvalue
procdata
CMD_KEEP
buf:@@1|CMD_KEEP|151|@@0
insert into xt_taskvalue
cmdsize=768
databuf0=768
databuf1=553
procdata
CMD_KEEP
buf:@@1|CMD_KEEP|152|@@0
insert into xt_taskvalue
procdata
CMD_KEEP
buf:@@1|CMD_KEEP|153|@@0
insert into xt_taskvalue
procdata
CMD_KEEP
buf:@@1|CMD_KEEP|154|@@0
insert into xt_taskvalue
procdata
CMD_KEEP
buf:@@1|CMD_KEEP|155|@@0
insert into xt_taskvalue
procdata
CMD_KEEP
buf:@@1|CMD_KEEP|156|@@0
insert into xt_taskvalue
cmdsize=768
databuf0=768
databuf1=555
procdata
CMD_KEEP
buf:@@1|CMD_KEEP|157|@@0
insert into xt_taskvalue
procdata
CMD_KEEP
buf:@@1|CMD_KEEP|158|@@0
insert into xt_taskvalue
procdata
CMD_KEEP
buf:@@1|CMD_KEEP|159|@@0
insert into xt_taskvalue
procdata
CMD_KEEP
buf:@@1|CMD_KEEP|160|@@0
insert into xt_taskvalue
procdata
CMD_KEEP
buf:@@1|CMD_KEEP|161|@@0
insert into xt_taskvalue
cmdsize=768
databuf0=768
databuf1=554
procdata
CMD_KEEP
buf:@@1|CMD_KEEP|162|@@0
insert into xt_taskvalue
procdata
CMD_KEEP
buf:@@1|CMD_KEEP|163|@@0
insert into xt_taskvalue
procdata
CMD_KEEP
buf:@@1|CMD_KEEP|164|@@0
insert into xt_taskvalue
procdata
CMD_KEEP
buf:@@1|CMD_KEEP|165|@@0
insert into xt_taskvalue
procdata
CMD_KEEP
buf:@@1|CMD_KEEP|166|@@0
insert into xt_taskvalue
cmdsize=768
databuf0=768
databuf1=552
procdata
CMD_KEEP
buf:@@1|CMD_KEEP|167|@@0
insert into xt_taskvalue
procdata
CMD_KEEP
buf:@@1|CMD_KEEP|168|@@0
insert into xt_taskvalue
procdata
CMD_KEEP
buf:@@1|CMD_KEEP|169|@@0
insert into xt_taskvalue
procdata
CMD_KEEP
buf:@@1|CMD_KEEP|170|@@0
insert into xt_taskvalue
procdata
CMD_KEEP
buf:@@1|CMD_KEEP|171|@@0
insert into xt_taskvalue
cmdsize=768
databuf0=768
databuf1=552
procdata
CMD_KEEP
buf:@@1|CMD_KEEP|172|@@0
insert into xt_taskvalue
procdata
CMD_KEEP
buf:@@1|CMD_KEEP|173|@@0
insert into xt_taskvalue
procdata
CMD_KEEP
buf:@@1|CMD_KEEP|174|@@0
insert into xt_taskvalue
procdata
CMD_KEEP
buf:@@1|CMD_KEEP|175|@@0
insert into xt_taskvalue
procdata
CMD_KEEP
buf:@@1|CMD_KEEP|176|@@0
insert into xt_taskvalue
cmdsize=768
databuf0=768
databuf1=555
procdata
CMD_KEEP
buf:@@1|CMD_KEEP|177|@@0
insert into xt_taskvalue
procdata
CMD_KEEP
buf:@@1|CMD_KEEP|178|@@0
insert into xt_taskvalue
procdata
CMD_KEEP
buf:@@1|CMD_KEEP|179|@@0
insert into xt_taskvalue
procdata
CMD_KEEP
buf:@@1|CMD_KEEP|180|@@0
insert into xt_taskvalue
procdata
CMD_KEEP
buf:@@1|CMD_KEEP|181|@@0
insert into xt_taskvalue
cmdsize=768
databuf0=768
databuf1=555
procdata
CMD_KEEP
buf:@@1|CMD_KEEP|182|@@0
insert into xt_taskvalue
procdata
CMD_KEEP
buf:@@1|CMD_KEEP|183|@@0
insert into xt_taskvalue
procdata
CMD_KEEP
buf:@@1|CMD_KEEP|184|@@0
insert into xt_taskvalue
procdata
CMD_KEEP
buf:@@1|CMD_KEEP|185|@@0
insert into xt_taskvalue
procdata
CMD_KEEP
buf:@@1|CMD_KEEP|186|@@0
insert into xt_taskvalue
cmdsize=768
databuf0=768
databuf1=549
procdata
CMD_KEEP
buf:@@1|CMD_KEEP|187|@@0
insert into xt_taskvalue
procdata
CMD_KEEP
buf:@@1|CMD_KEEP|188|@@0
insert into xt_taskvalue
procdata
CMD_KEEP
buf:@@1|CMD_KEEP|189|@@0
insert into xt_taskvalue
procdata
CMD_KEEP
buf:@@1|CMD_KEEP|190|@@0
insert into xt_taskvalue
procdata
CMD_KEEP
buf:@@1|CMD_KEEP|191|@@0
insert into xt_taskvalue
cmdsize=768
databuf0=768
databuf1=555
procdata
CMD_KEEP
buf:@@1|CMD_KEEP|192|@@0
insert into xt_taskvalue
procdata
CMD_KEEP
buf:@@1|CMD_KEEP|193|@@0
insert into xt_taskvalue
procdata
CMD_KEEP
buf:@@1|CMD_KEEP|194|@@0
insert into xt_taskvalue
procdata
CMD_KEEP
buf:@@1|CMD_KEEP|195|@@0
insert into xt_taskvalue
procdata
CMD_KEEP
buf:@@1|CMD_KEEP|196|@@0
insert into xt_taskvalue
cmdsize=768
databuf0=768
databuf1=555
procdata
CMD_KEEP
buf:@@1|CMD_KEEP|197|@@0
insert into xt_taskvalue
procdata
CMD_KEEP
buf:@@1|CMD_KEEP|198|@@0
insert into xt_taskvalue
procdata
CMD_KEEP
buf:@@1|CMD_KEEP|199|@@0
insert into xt_taskvalue
procdata
CMD_KEEP
buf:@@1|CMD_KEEP|200|@@0
insert into xt_taskvalue
procdata
CMD_KEEP
buf:@@1|CMD_KEEP|201|@@0
insert into xt_taskvalue
cmdsize=768
databuf0=768
databuf1=555
procdata
CMD_KEEP
buf:@@1|CMD_KEEP|202|@@0
insert into xt_taskvalue
procdata
CMD_KEEP
buf:@@1|CMD_KEEP|203|@@0
insert into xt_taskvalue
procdata
CMD_KEEP
buf:@@1|CMD_KEEP|204|@@0
insert into xt_taskvalue
procdata
CMD_KEEP
buf:@@1|CMD_KEEP|205|@@0
insert into xt_taskvalue
procdata
CMD_KEEP
buf:@@1|CMD_KEEP|206|@@0
insert into xt_taskvalue
cmdsize=768
databuf0=768
databuf1=554
procdata
CMD_KEEP
buf:@@1|CMD_KEEP|207|@@0
insert into xt_taskvalue
procdata
CMD_KEEP
buf:@@1|CMD_KEEP|208|@@0
insert into xt_taskvalue
procdata
CMD_KEEP
buf:@@1|CMD_KEEP|209|@@0
insert into xt_taskvalue
procdata
CMD_KEEP
buf:@@1|CMD_KEEP|210|@@0
insert into xt_taskvalue
procdata
CMD_KEEP
buf:@@1|CMD_KEEP|211|@@0
insert into xt_taskvalue
cmdsize=768
databuf0=768
databuf1=555
procdata
CMD_KEEP
buf:@@1|CMD_KEEP|212|@@0
insert into xt_taskvalue
procdata
CMD_KEEP
buf:@@1|CMD_KEEP|213|@@0
insert into xt_taskvalue
procdata
CMD_KEEP
buf:@@1|CMD_KEEP|214|@@0
insert into xt_taskvalue
procdata
CMD_KEEP
buf:@@1|CMD_KEEP|215|@@0
insert into xt_taskvalue
procdata
CMD_KEEP
buf:@@1|CMD_KEEP|216|@@0
insert into xt_taskvalue
cmdsize=768
databuf0=768
databuf1=555
procdata
CMD_KEEP
buf:@@1|CMD_KEEP|217|@@0
insert into xt_taskvalue
procdata
CMD_KEEP
buf:@@1|CMD_KEEP|218|@@0
insert into xt_taskvalue
procdata
CMD_KEEP
buf:@@1|CMD_KEEP|219|@@0
insert into xt_taskvalue
procdata
CMD_KEEP
buf:@@1|CMD_KEEP|220|@@0
insert into xt_taskvalue
procdata
CMD_KEEP
buf:@@1|CMD_KEEP|221|@@0
insert into xt_taskvalue
cmdsize=768
databuf0=768
databuf1=555
procdata
CMD_KEEP
buf:@@1|CMD_KEEP|222|@@0
insert into xt_taskvalue
procdata
CMD_KEEP
buf:@@1|CMD_KEEP|223|@@0
insert into xt_taskvalue
procdata
CMD_KEEP
buf:@@1|CMD_KEEP|224|@@0
insert into xt_taskvalue
procdata
CMD_KEEP
buf:@@1|CMD_KEEP|225|@@0
insert into xt_taskvalue
procdata
CMD_KEEP
buf:@@1|CMD_KEEP|226|@@0
insert into xt_taskvalue
cmdsize=768
databuf0=768
databuf1=554
procdata
CMD_KEEP
buf:@@1|CMD_KEEP|227|@@0
insert into xt_taskvalue
procdata
CMD_KEEP
buf:@@1|CMD_KEEP|228|@@0
insert into xt_taskvalue
procdata
CMD_KEEP
buf:@@1|CMD_KEEP|229|@@0
insert into xt_taskvalue
procdata
CMD_KEEP
buf:@@1|CMD_KEEP|230|@@0
insert into xt_taskvalue
procdata
CMD_KEEP
buf:@@1|CMD_KEEP|231|@@0
insert into xt_taskvalue
cmdsize=768
databuf0=768
databuf1=554
procdata
CMD_KEEP
buf:@@1|CMD_KEEP|232|@@0
insert into xt_taskvalue
procdata
CMD_KEEP
buf:@@1|CMD_KEEP|233|@@0
insert into xt_taskvalue
procdata
CMD_KEEP
buf:@@1|CMD_KEEP|234|@@0
insert into xt_taskvalue
procdata
CMD_KEEP
buf:@@1|CMD_KEEP|235|@@0
insert into xt_taskvalue
procdata
CMD_KEEP
buf:@@1|CMD_KEEP|236|@@0
insert into xt_taskvalue
cmdsize=768
databuf0=768
databuf1=554
procdata
CMD_KEEP
buf:@@1|CMD_KEEP|237|@@0
insert into xt_taskvalue
procdata
CMD_KEEP
buf:@@1|CMD_KEEP|238|@@0
insert into xt_taskvalue
procdata
CMD_KEEP
buf:@@1|CMD_KEEP|239|@@0
insert into xt_taskvalue
procdata
CMD_KEEP
buf:@@1|CMD_KEEP|240|@@0
insert into xt_taskvalue
procdata
CMD_KEEP
buf:@@1|CMD_KEEP|241|@@0
insert into xt_taskvalue
cmdsize=768
databuf0=768
databuf1=548
procdata
CMD_KEEP
buf:@@1|CMD_KEEP|242|@@0
insert into xt_taskvalue
procdata
CMD_KEEP
buf:@@1|CMD_KEEP|243|@@0
insert into xt_taskvalue
procdata
CMD_KEEP
buf:@@1|CMD_KEEP|244|@@0
insert into xt_taskvalue
procdata
CMD_KEEP
buf:@@1|CMD_KEEP|245|@@0
insert into xt_taskvalue
procdata
CMD_KEEP
buf:@@1|CMD_KEEP|246|@@0
insert into xt_taskvalue
cmdsize=768
databuf0=768
databuf1=554
procdata
CMD_KEEP
buf:@@1|CMD_KEEP|247|@@0
insert into xt_taskvalue
procdata
CMD_KEEP
buf:@@1|CMD_KEEP|248|@@0
insert into xt_taskvalue
procdata
CMD_KEEP
buf:@@1|CMD_KEEP|249|@@0
insert into xt_taskvalue
procdata
CMD_KEEP
buf:@@1|CMD_KEEP|250|@@0
insert into xt_taskvalue
procdata
CMD_KEEP
buf:@@1|CMD_KEEP|251|@@0
insert into xt_taskvalue
cmdsize=768
databuf0=768
databuf1=554
procdata
CMD_KEEP
buf:@@1|CMD_KEEP|252|@@0
insert into xt_taskvalue
procdata
CMD_KEEP
buf:@@1|CMD_KEEP|253|@@0
insert into xt_taskvalue
procdata
CMD_KEEP
buf:@@1|CMD_KEEP|254|@@0
insert into xt_taskvalue
procdata
CMD_KEEP
buf:@@1|CMD_KEEP|255|@@0
insert into xt_taskvalue
procdata
CMD_KEEP
buf:@@1|CMD_KEEP|256|@@0
insert into xt_taskvalue
cmdsize=768
databuf0=768
databuf1=553
procdata
CMD_KEEP
buf:@@1|CMD_KEEP|257|@@0
insert into xt_taskvalue
procdata
CMD_KEEP
buf:@@1|CMD_KEEP|258|@@0
insert into xt_taskvalue
procdata
CMD_KEEP
buf:@@1|CMD_KEEP|259|@@0
insert into xt_taskvalue
procdata
CMD_KEEP
buf:@@1|CMD_KEEP|260|@@0
insert into xt_taskvalue
procdata
CMD_KEEP
buf:@@1|CMD_KEEP|261|@@0
insert into xt_taskvalue
cmdsize=768
databuf0=768
databuf1=555
procdata
CMD_KEEP
buf:@@1|CMD_KEEP|262|@@0
insert into xt_taskvalue
procdata
CMD_KEEP
buf:@@1|CMD_KEEP|263|@@0
insert into xt_taskvalue
procdata
CMD_KEEP
buf:@@1|CMD_KEEP|264|@@0
insert into xt_taskvalue
procdata
CMD_KEEP
buf:@@1|CMD_KEEP|265|@@0
insert into xt_taskvalue
procdata
CMD_KEEP
buf:@@1|CMD_KEEP|266|@@0
insert into xt_taskvalue
cmdsize=768
databuf0=768
databuf1=553
procdata
CMD_KEEP
buf:@@1|CMD_KEEP|267|@@0
insert into xt_taskvalue
procdata
CMD_KEEP
buf:@@1|CMD_KEEP|268|@@0
insert into xt_taskvalue
procdata
CMD_KEEP
buf:@@1|CMD_KEEP|269|@@0
insert into xt_taskvalue
procdata
CMD_KEEP
buf:@@1|CMD_KEEP|270|@@0
insert into xt_taskvalue
procdata
CMD_KEEP
buf:@@1|CMD_KEEP|271|@@0
insert into xt_taskvalue
cmdsize=768
databuf0=768
databuf1=553
procdata
CMD_KEEP
buf:@@1|CMD_KEEP|272|@@0
insert into xt_taskvalue
procdata
CMD_KEEP
buf:@@1|CMD_KEEP|273|@@0
insert into xt_taskvalue
procdata
CMD_KEEP
buf:@@1|CMD_KEEP|274|@@0
insert into xt_taskvalue
procdata
CMD_KEEP
buf:@@1|CMD_KEEP|275|@@0
insert into xt_taskvalue
procdata
CMD_KEEP
buf:@@1|CMD_KEEP|276|@@0
insert into xt_taskvalue
cmdsize=768
databuf0=768
databuf1=555
procdata
CMD_KEEP
buf:@@1|CMD_KEEP|277|@@0
insert into xt_taskvalue
procdata
CMD_KEEP
buf:@@1|CMD_KEEP|278|@@0
insert into xt_taskvalue
procdata
CMD_KEEP
buf:@@1|CMD_KEEP|279|@@0
insert into xt_taskvalue
procdata
CMD_KEEP
buf:@@1|CMD_KEEP|280|@@0
insert into xt_taskvalue
procdata
CMD_KEEP
buf:@@1|CMD_KEEP|281|@@0
insert into xt_taskvalue
cmdsize=768
databuf0=768
databuf1=554
procdata
CMD_KEEP
buf:@@1|CMD_KEEP|282|@@0
insert into xt_taskvalue
procdata
CMD_KEEP
buf:@@1|CMD_KEEP|283|@@0
insert into xt_taskvalue
procdata
CMD_KEEP
buf:@@1|CMD_KEEP|284|@@0
insert into xt_taskvalue
procdata
CMD_KEEP
buf:@@1|CMD_KEEP|285|@@0
insert into xt_taskvalue
procdata
CMD_KEEP
buf:@@1|CMD_KEEP|286|@@0
insert into xt_taskvalue
cmdsize=768
databuf0=768
databuf1=555
procdata
CMD_KEEP
buf:@@1|CMD_KEEP|287|@@0
insert into xt_taskvalue
procdata
CMD_KEEP
buf:@@1|CMD_KEEP|288|@@0
insert into xt_taskvalue
procdata
CMD_KEEP
buf:@@1|CMD_KEEP|289|@@0
insert into xt_taskvalue
procdata
CMD_KEEP
buf:@@1|CMD_KEEP|290|@@0
insert into xt_taskvalue
procdata
CMD_KEEP
buf:@@1|CMD_KEEP|291|@@0
insert into xt_taskvalue
cmdsize=768
databuf0=768
databuf1=555
procdata
CMD_KEEP
buf:@@1|CMD_KEEP|292|@@0
insert into xt_taskvalue
procdata
CMD_KEEP
buf:@@1|CMD_KEEP|293|@@0
insert into xt_taskvalue
procdata
CMD_KEEP
buf:@@1|CMD_KEEP|294|@@0
insert into xt_taskvalue
procdata
CMD_KEEP
buf:@@1|CMD_KEEP|295|@@0
insert into xt_taskvalue
procdata
CMD_KEEP
buf:@@1|CMD_KEEP|296|@@0
insert into xt_taskvalue
cmdsize=768
databuf0=768
databuf1=553
procdata
CMD_KEEP
buf:@@1|CMD_KEEP|297|@@0
insert into xt_taskvalue
procdata
CMD_KEEP
buf:@@1|CMD_KEEP|298|@@0
insert into xt_taskvalue
procdata
CMD_KEEP
buf:@@1|CMD_KEEP|299|@@0
insert into xt_taskvalue
procdata
CMD_KEEP
buf:@@1|CMD_KEEP|300|@@0
insert into xt_taskvalue
procdata
CMD_KEEP
buf:@@1|CMD_KEEP|301|@@0
insert into xt_taskvalue
cmdsize=768
databuf0=768
databuf1=554
procdata
CMD_KEEP
buf:@@1|CMD_KEEP|302|@@0
insert into xt_taskvalue
procdata
CMD_KEEP
buf:@@1|CMD_KEEP|303|@@0
insert into xt_taskvalue
procdata
CMD_KEEP
buf:@@1|CMD_KEEP|304|@@0
insert into xt_taskvalue
procdata
CMD_KEEP
buf:@@1|CMD_KEEP|305|@@0
insert into xt_taskvalue
procdata
CMD_KEEP
buf:@@1|CMD_KEEP|306|@@0
insert into xt_taskvalue
cmdsize=768
databuf0=768
databuf1=552
procdata
CMD_KEEP
buf:@@1|CMD_KEEP|307|@@0
insert into xt_taskvalue
procdata
CMD_KEEP
buf:@@1|CMD_KEEP|308|@@0
insert into xt_taskvalue
procdata
CMD_KEEP
buf:@@1|CMD_KEEP|309|@@0
insert into xt_taskvalue
procdata
CMD_KEEP
buf:@@1|CMD_KEEP|310|@@0
insert into xt_taskvalue
procdata
CMD_KEEP
buf:@@1|CMD_KEEP|311|@@0
insert into xt_taskvalue
cmdsize=768
databuf0=768
databuf1=552
procdata
CMD_KEEP
buf:@@1|CMD_KEEP|312|@@0
insert into xt_taskvalue
procdata
CMD_KEEP
buf:@@1|CMD_KEEP|313|@@0
insert into xt_taskvalue
procdata
CMD_KEEP
buf:@@1|CMD_KEEP|314|@@0
insert into xt_taskvalue
procdata
CMD_KEEP
buf:@@1|CMD_KEEP|315|@@0
insert into xt_taskvalue
procdata
CMD_KEEP
buf:@@1|CMD_KEEP|316|@@0
insert into xt_taskvalue
cmdsize=768
databuf0=768
databuf1=550
procdata
CMD_KEEP
buf:@@1|CMD_KEEP|317|@@0
insert into xt_taskvalue
procdata
CMD_KEEP
buf:@@1|CMD_KEEP|318|@@0
insert into xt_taskvalue
procdata
CMD_KEEP
buf:@@1|CMD_KEEP|319|@@0
insert into xt_taskvalue
procdata
CMD_KEEP
buf:@@1|CMD_KEEP|320|@@0
insert into xt_taskvalue
procdata
CMD_KEEP
buf:@@1|CMD_KEEP|321|@@0
insert into xt_taskvalue
cmdsize=768
databuf0=768
databuf1=553
procdata
CMD_KEEP
buf:@@1|CMD_KEEP|322|@@0
insert into xt_taskvalue
procdata
CMD_KEEP
buf:@@1|CMD_KEEP|323|@@0
insert into xt_taskvalue
procdata
CMD_KEEP
buf:@@1|CMD_KEEP|324|@@0
insert into xt_taskvalue
procdata
CMD_KEEP
buf:@@1|CMD_KEEP|325|@@0
insert into xt_taskvalue
procdata
CMD_KEEP
buf:@@1|CMD_KEEP|326|@@0
insert into xt_taskvalue
cmdsize=768
databuf0=768
databuf1=551
procdata
CMD_KEEP
buf:@@1|CMD_KEEP|327|@@0
insert into xt_taskvalue
procdata
CMD_KEEP
buf:@@1|CMD_KEEP|328|@@0
insert into xt_taskvalue
procdata
CMD_KEEP
buf:@@1|CMD_KEEP|329|@@0
insert into xt_taskvalue
procdata
CMD_KEEP
buf:@@1|CMD_KEEP|330|@@0
insert into xt_taskvalue
procdata
CMD_KEEP
buf:@@1|CMD_KEEP|331|@@0
insert into xt_taskvalue
cmdsize=768
databuf0=768
databuf1=553
procdata
CMD_KEEP
buf:@@1|CMD_KEEP|332|@@0
insert into xt_taskvalue
procdata
CMD_KEEP
buf:@@1|CMD_KEEP|333|@@0
insert into xt_taskvalue
procdata
CMD_KEEP
buf:@@1|CMD_KEEP|334|@@0
insert into xt_taskvalue
procdata
CMD_KEEP
buf:@@1|CMD_KEEP|335|@@0
insert into xt_taskvalue
procdata
CMD_KEEP
buf:@@1|CMD_KEEP|336|@@0
insert into xt_taskvalue
cmdsize=768
databuf0=768
databuf1=551
procdata
CMD_KEEP
buf:@@1|CMD_KEEP|337|@@0
insert into xt_taskvalue
procdata
CMD_KEEP
buf:@@1|CMD_KEEP|338|@@0
insert into xt_taskvalue
procdata
CMD_KEEP
buf:@@1|CMD_KEEP|339|@@0
insert into xt_taskvalue
procdata
CMD_KEEP
buf:@@1|CMD_KEEP|340|@@0
insert into xt_taskvalue
procdata
CMD_KEEP
buf:@@1|CMD_KEEP|341|@@0
insert into xt_taskvalue
cmdsize=768
databuf0=768
databuf1=552
procdata
CMD_KEEP
buf:@@1|CMD_KEEP|342|@@0
insert into xt_taskvalue
procdata
CMD_KEEP
buf:@@1|CMD_KEEP|343|@@0
insert into xt_taskvalue
procdata
CMD_KEEP
buf:@@1|CMD_KEEP|344|@@0
insert into xt_taskvalue
procdata
CMD_KEEP
buf:@@1|CMD_KEEP|345|@@0
insert into xt_taskvalue
procdata
CMD_KEEP
buf:@@1|CMD_KEEP|346|@@0
insert into xt_taskvalue
cmdsize=768
databuf0=768
databuf1=551
procdata
CMD_KEEP
buf:@@1|CMD_KEEP|347|@@0
insert into xt_taskvalue
procdata
CMD_KEEP
buf:@@1|CMD_KEEP|348|@@0
insert into xt_taskvalue
procdata
CMD_KEEP
buf:@@1|CMD_KEEP|349|@@0
insert into xt_taskvalue
procdata
CMD_KEEP
buf:@@1|CMD_KEEP|350|@@0
insert into xt_taskvalue
procdata
CMD_KEEP
buf:@@1|CMD_KEEP|351|@@0
insert into xt_taskvalue
cmdsize=768
databuf0=768
databuf1=551
procdata
CMD_KEEP
buf:@@1|CMD_KEEP|352|@@0
insert into xt_taskvalue
procdata
CMD_KEEP
buf:@@1|CMD_KEEP|353|@@0
insert into xt_taskvalue
procdata
CMD_KEEP
buf:@@1|CMD_KEEP|354|@@0
insert into xt_taskvalue
procdata
CMD_KEEP
buf:@@1|CMD_KEEP|355|@@0
insert into xt_taskvalue
procdata
CMD_KEEP
buf:@@1|CMD_KEEP|356|@@0
insert into xt_taskvalue
cmdsize=768
databuf0=768
databuf1=553
procdata
CMD_KEEP
buf:@@1|CMD_KEEP|357|@@0
insert into xt_taskvalue
procdata
CMD_KEEP
buf:@@1|CMD_KEEP|358|@@0
insert into xt_taskvalue
procdata
CMD_KEEP
buf:@@1|CMD_KEEP|359|@@0
insert into xt_taskvalue
procdata
CMD_KEEP
buf:@@1|CMD_KEEP|360|@@0
insert into xt_taskvalue
procdata
CMD_KEEP
buf:@@1|CMD_KEEP|361|@@0
insert into xt_taskvalue
cmdsize=768
databuf0=768
databuf1=552
procdata
CMD_KEEP
buf:@@1|CMD_KEEP|362|@@0
insert into xt_taskvalue
procdata
CMD_KEEP
buf:@@1|CMD_KEEP|363|@@0
insert into xt_taskvalue
procdata
CMD_KEEP
buf:@@1|CMD_KEEP|364|@@0
insert into xt_taskvalue
procdata
CMD_KEEP
buf:@@1|CMD_KEEP|365|@@0
insert into xt_taskvalue
procdata
CMD_KEEP
buf:@@1|CMD_KEEP|366|@@0
insert into xt_taskvalue
cmdsize=768
databuf0=768
databuf1=551
procdata
CMD_KEEP
buf:@@1|CMD_KEEP|367|@@0
insert into xt_taskvalue
procdata
CMD_KEEP
buf:@@1|CMD_KEEP|368|@@0
insert into xt_taskvalue
procdata
CMD_KEEP
buf:@@1|CMD_KEEP|369|@@0
insert into xt_taskvalue
procdata
CMD_KEEP
buf:@@1|CMD_KEEP|370|@@0
insert into xt_taskvalue
procdata
CMD_KEEP
buf:@@1|CMD_KEEP|371|@@0
insert into xt_taskvalue
cmdsize=768
databuf0=768
databuf1=553
procdata
CMD_KEEP
buf:@@1|CMD_KEEP|372|@@0
insert into xt_taskvalue
procdata
CMD_KEEP
buf:@@1|CMD_KEEP|373|@@0
insert into xt_taskvalue
procdata
CMD_KEEP
buf:@@1|CMD_KEEP|374|@@0
insert into xt_taskvalue
procdata
CMD_KEEP
buf:@@1|CMD_KEEP|375|@@0
insert into xt_taskvalue
procdata
CMD_KEEP
buf:@@1|CMD_KEEP|376|@@0
insert into xt_taskvalue
cmdsize=768
databuf0=768
databuf1=554
procdata
CMD_KEEP
buf:@@1|CMD_KEEP|377|@@0
insert into xt_taskvalue
procdata
CMD_KEEP
buf:@@1|CMD_KEEP|378|@@0
insert into xt_taskvalue
procdata
CMD_KEEP
buf:@@1|CMD_KEEP|379|@@0
insert into xt_taskvalue
procdata
CMD_KEEP
buf:@@1|CMD_KEEP|380|@@0
insert into xt_taskvalue
procdata
CMD_KEEP
buf:@@1|CMD_KEEP|381|@@0
insert into xt_taskvalue
cmdsize=768
databuf0=768
databuf1=549
procdata
CMD_KEEP
buf:@@1|CMD_KEEP|382|@@0
insert into xt_taskvalue
procdata
CMD_KEEP
buf:@@1|CMD_KEEP|383|@@0
insert into xt_taskvalue
procdata
CMD_KEEP
buf:@@1|CMD_KEEP|384|@@0
insert into xt_taskvalue
procdata
CMD_KEEP
buf:@@1|CMD_KEEP|385|@@0
insert into xt_taskvalue
procdata
CMD_KEEP
buf:@@1|CMD_KEEP|386|@@0
insert into xt_taskvalue
cmdsize=768
databuf0=768
databuf1=552
procdata
CMD_KEEP
buf:@@1|CMD_KEEP|387|@@0
insert into xt_taskvalue
procdata
CMD_KEEP
buf:@@1|CMD_KEEP|388|@@0
insert into xt_taskvalue
procdata
CMD_KEEP
buf:@@1|CMD_KEEP|389|@@0
insert into xt_taskvalue
procdata
CMD_KEEP
buf:@@1|CMD_KEEP|390|@@0
insert into xt_taskvalue
procdata
CMD_KEEP
buf:@@1|CMD_KEEP|391|@@0
insert into xt_taskvalue
cmdsize=768
databuf0=768
databuf1=553
procdata
CMD_KEEP
buf:@@1|CMD_KEEP|392|@@0
insert into xt_taskvalue
procdata
CMD_KEEP
buf:@@1|CMD_KEEP|393|@@0
insert into xt_taskvalue
procdata
CMD_KEEP
buf:@@1|CMD_KEEP|394|@@0
insert into xt_taskvalue
procdata
CMD_KEEP
buf:@@1|CMD_KEEP|395|@@0
insert into xt_taskvalue
procdata
CMD_KEEP
buf:@@1|CMD_KEEP|396|@@0
insert into xt_taskvalue
cmdsize=768
databuf0=768
databuf1=555
procdata
CMD_KEEP
buf:@@1|CMD_KEEP|397|@@0
insert into xt_taskvalue
procdata
CMD_KEEP
buf:@@1|CMD_KEEP|398|@@0
insert into xt_taskvalue
procdata
CMD_KEEP
buf:@@1|CMD_KEEP|399|@@0
insert into xt_taskvalue
procdata
CMD_KEEP
buf:@@1|CMD_KEEP|400|@@0
insert into xt_taskvalue
procdata
CMD_KEEP
buf:@@1|CMD_KEEP|401|@@0
insert into xt_taskvalue
cmdsize=768
databuf0=768
databuf1=554
procdata
CMD_KEEP
buf:@@1|CMD_KEEP|402|@@0
insert into xt_taskvalue
procdata
CMD_KEEP
buf:@@1|CMD_KEEP|403|@@0
insert into xt_taskvalue
procdata
CMD_KEEP
buf:@@1|CMD_KEEP|404|@@0
insert into xt_taskvalue
procdata
CMD_KEEP
buf:@@1|CMD_KEEP|405|@@0
insert into xt_taskvalue
procdata
CMD_KEEP
buf:@@1|CMD_KEEP|406|@@0
insert into xt_taskvalue
cmdsize=768
databuf0=768
databuf1=549
procdata
CMD_KEEP
buf:@@1|CMD_KEEP|407|@@0
insert into xt_taskvalue
procdata
CMD_KEEP
buf:@@1|CMD_KEEP|408|@@0
insert into xt_taskvalue
procdata
CMD_KEEP
buf:@@1|CMD_KEEP|409|@@0
insert into xt_taskvalue
procdata
CMD_KEEP
buf:@@1|CMD_KEEP|410|@@0
insert into xt_taskvalue
procdata
CMD_KEEP
buf:@@1|CMD_KEEP|411|@@0
insert into xt_taskvalue
cmdsize=768
databuf0=768
databuf1=551
procdata
CMD_KEEP
buf:@@1|CMD_KEEP|412|@@0
insert into xt_taskvalue
procdata
CMD_KEEP
buf:@@1|CMD_KEEP|413|@@0
insert into xt_taskvalue
procdata
CMD_KEEP
buf:@@1|CMD_KEEP|414|@@0
insert into xt_taskvalue
procdata
CMD_KEEP
buf:@@1|CMD_KEEP|415|@@0
insert into xt_taskvalue
procdata
CMD_KEEP
buf:@@1|CMD_KEEP|416|@@0
insert into xt_taskvalue
cmdsize=768
databuf0=768
databuf1=551
procdata
CMD_KEEP
buf:@@1|CMD_KEEP|417|@@0
insert into xt_taskvalue
procdata
CMD_KEEP
buf:@@1|CMD_KEEP|418|@@0
insert into xt_taskvalue
procdata
CMD_KEEP
buf:@@1|CMD_KEEP|419|@@0
insert into xt_taskvalue
procdata
CMD_KEEP
buf:@@1|CMD_KEEP|420|@@0
insert into xt_taskvalue
procdata
CMD_KEEP
buf:@@1|CMD_KEEP|421|@@0
insert into xt_taskvalue
cmdsize=768
databuf0=768
databuf1=553
procdata
CMD_KEEP
buf:@@1|CMD_KEEP|422|@@0
insert into xt_taskvalue
procdata
CMD_KEEP
buf:@@1|CMD_KEEP|423|@@0
insert into xt_taskvalue
procdata
CMD_KEEP
buf:@@1|CMD_KEEP|424|@@0
insert into xt_taskvalue
procdata
CMD_KEEP
buf:@@1|CMD_KEEP|425|@@0
insert into xt_taskvalue
procdata
CMD_KEEP
buf:@@1|CMD_KEEP|426|@@0
insert into xt_taskvalue
cmdsize=768
databuf0=768
databuf1=555
procdata
CMD_KEEP
buf:@@1|CMD_KEEP|427|@@0
insert into xt_taskvalue
procdata
CMD_KEEP
buf:@@1|CMD_KEEP|428|@@0
insert into xt_taskvalue
procdata
CMD_KEEP
buf:@@1|CMD_KEEP|429|@@0
insert into xt_taskvalue
procdata
CMD_KEEP
buf:@@1|CMD_KEEP|430|@@0
insert into xt_taskvalue
procdata
CMD_KEEP
buf:@@1|CMD_KEEP|431|@@0
insert into xt_taskvalue
cmdsize=768
databuf0=768
databuf1=550
procdata
CMD_KEEP
buf:@@1|CMD_KEEP|432|@@0
insert into xt_taskvalue
procdata
CMD_KEEP
buf:@@1|CMD_KEEP|433|@@0
insert into xt_taskvalue
procdata
CMD_KEEP
buf:@@1|CMD_KEEP|434|@@0
insert into xt_taskvalue
procdata
CMD_KEEP
buf:@@1|CMD_KEEP|435|@@0
insert into xt_taskvalue
procdata
CMD_KEEP
buf:@@1|CMD_KEEP|436|@@0
insert into xt_taskvalue
cmdsize=768
databuf0=768
databuf1=551
procdata
CMD_KEEP
buf:@@1|CMD_KEEP|437|@@0
insert into xt_taskvalue
procdata
CMD_KEEP
buf:@@1|CMD_KEEP|438|@@0
insert into xt_taskvalue
procdata
CMD_KEEP
buf:@@1|CMD_KEEP|439|@@0
insert into xt_taskvalue
procdata
CMD_KEEP
buf:@@1|CMD_KEEP|440|@@0
insert into xt_taskvalue
procdata
CMD_KEEP
buf:@@1|CMD_KEEP|441|@@0
insert into xt_taskvalue
cmdsize=768
databuf0=768
databuf1=552
procdata
CMD_KEEP
buf:@@1|CMD_KEEP|442|@@0
insert into xt_taskvalue
procdata
CMD_KEEP
buf:@@1|CMD_KEEP|443|@@0
insert into xt_taskvalue
procdata
CMD_KEEP
buf:@@1|CMD_KEEP|444|@@0
insert into xt_taskvalue
procdata
CMD_KEEP
buf:@@1|CMD_KEEP|445|@@0
insert into xt_taskvalue
procdata
CMD_KEEP
buf:@@1|CMD_KEEP|446|@@0
insert into xt_taskvalue
cmdsize=768
databuf0=768
databuf1=553
procdata
CMD_KEEP
buf:@@1|CMD_KEEP|447|@@0
insert into xt_taskvalue
procdata
CMD_KEEP
buf:@@1|CMD_KEEP|448|@@0
insert into xt_taskvalue
procdata
CMD_KEEP
buf:@@1|CMD_KEEP|449|@@0
insert into xt_taskvalue
procdata
CMD_KEEP
buf:@@1|CMD_KEEP|450|@@0
insert into xt_taskvalue
procdata
CMD_KEEP
buf:@@1|CMD_KEEP|451|@@0
insert into xt_taskvalue
cmdsize=768
databuf0=768
databuf1=554
procdata
CMD_KEEP
buf:@@1|CMD_KEEP|452|@@0
insert into xt_taskvalue
procdata
CMD_KEEP
buf:@@1|CMD_KEEP|453|@@0
insert into xt_taskvalue
procdata
CMD_KEEP
buf:@@1|CMD_KEEP|454|@@0
insert into xt_taskvalue
procdata
CMD_KEEP
buf:@@1|CMD_KEEP|455|@@0
insert into xt_taskvalue
procdata
CMD_KEEP
buf:@@1|CMD_KEEP|456|@@0
insert into xt_taskvalue
cmdsize=768
databuf0=768
databuf1=555
procdata
CMD_KEEP
buf:@@1|CMD_KEEP|457|@@0
insert into xt_taskvalue
procdata
CMD_KEEP
buf:@@1|CMD_KEEP|458|@@0
insert into xt_taskvalue
procdata
CMD_KEEP
buf:@@1|CMD_KEEP|459|@@0
insert into xt_taskvalue
procdata
CMD_KEEP
buf:@@1|CMD_KEEP|460|@@0
insert into xt_taskvalue
procdata
CMD_KEEP
buf:@@1|CMD_KEEP|461|@@0
insert into xt_taskvalue
cmdsize=768
databuf0=768
databuf1=550
procdata
CMD_KEEP
buf:@@1|CMD_KEEP|462|@@0
insert into xt_taskvalue
procdata
CMD_KEEP
buf:@@1|CMD_KEEP|463|@@0
insert into xt_taskvalue
procdata
CMD_KEEP
buf:@@1|CMD_KEEP|464|@@0
insert into xt_taskvalue
procdata
CMD_KEEP
buf:@@1|CMD_KEEP|465|@@0
insert into xt_taskvalue
procdata
CMD_KEEP
buf:@@1|CMD_KEEP|466|@@0
insert into xt_taskvalue
cmdsize=768
databuf0=768
databuf1=552
procdata
CMD_KEEP
buf:@@1|CMD_KEEP|467|@@0
insert into xt_taskvalue
procdata
CMD_KEEP
buf:@@1|CMD_KEEP|468|@@0
insert into xt_taskvalue
procdata
CMD_KEEP
buf:@@1|CMD_KEEP|469|@@0
insert into xt_taskvalue
procdata
CMD_KEEP
buf:@@1|CMD_KEEP|470|@@0
insert into xt_taskvalue
procdata
CMD_KEEP
buf:@@1|CMD_KEEP|471|@@0
insert into xt_taskvalue
cmdsize=768
databuf0=768
databuf1=548
procdata
CMD_KEEP
buf:@@1|CMD_KEEP|472|@@0
insert into xt_taskvalue
procdata
CMD_KEEP
buf:@@1|CMD_KEEP|473|@@0
insert into xt_taskvalue
procdata
CMD_KEEP
buf:@@1|CMD_KEEP|474|@@0
insert into xt_taskvalue
procdata
CMD_KEEP
buf:@@1|CMD_KEEP|475|@@0
insert into xt_taskvalue
procdata
CMD_KEEP
buf:@@1|CMD_KEEP|476|@@0
insert into xt_taskvalue
cmdsize=768
databuf0=768
databuf1=547
procdata
CMD_KEEP
buf:@@1|CMD_KEEP|477|@@0
insert into xt_taskvalue
procdata
CMD_KEEP
buf:@@1|CMD_KEEP|478|@@0
insert into xt_taskvalue
procdata
CMD_KEEP
buf:@@1|CMD_KEEP|479|@@0
insert into xt_taskvalue
procdata
CMD_KEEP
buf:@@1|CMD_KEEP|480|@@0
insert into xt_taskvalue
procdata
CMD_KEEP
buf:@@1|CMD_KEEP|481|@@0
insert into xt_taskvalue
cmdsize=768
databuf0=768
databuf1=552
procdata
CMD_KEEP
buf:@@1|CMD_KEEP|482|@@0
insert into xt_taskvalue
procdata
CMD_KEEP
buf:@@1|CMD_KEEP|483|@@0
insert into xt_taskvalue
procdata
CMD_KEEP
buf:@@1|CMD_KEEP|484|@@0
insert into xt_taskvalue
procdata
CMD_KEEP
buf:@@1|CMD_KEEP|485|@@0
insert into xt_taskvalue
procdata
CMD_KEEP
buf:@@1|CMD_KEEP|486|@@0
insert into xt_taskvalue
cmdsize=768
databuf0=768
databuf1=551
procdata
CMD_KEEP
buf:@@1|CMD_KEEP|487|@@0
insert into xt_taskvalue
procdata
CMD_KEEP
buf:@@1|CMD_KEEP|488|@@0
insert into xt_taskvalue
procdata
CMD_KEEP
buf:@@1|CMD_KEEP|489|@@0
insert into xt_taskvalue
procdata
CMD_KEEP
buf:@@1|CMD_KEEP|490|@@0
insert into xt_taskvalue
procdata
CMD_KEEP
buf:@@1|CMD_KEEP|491|@@0
insert into xt_taskvalue
cmdsize=768
databuf0=768
databuf1=553
procdata
CMD_KEEP
buf:@@1|CMD_KEEP|492|@@0
insert into xt_taskvalue
procdata
CMD_KEEP
buf:@@1|CMD_KEEP|493|@@0
insert into xt_taskvalue
procdata
CMD_KEEP
buf:@@1|CMD_KEEP|494|@@0
insert into xt_taskvalue
procdata
CMD_KEEP
buf:@@1|CMD_KEEP|495|@@0
insert into xt_taskvalue
procdata
CMD_KEEP
buf:@@1|CMD_KEEP|496|@@0
insert into xt_taskvalue
cmdsize=768
databuf0=768
databuf1=552
procdata
CMD_KEEP
buf:@@1|CMD_KEEP|497|@@0
insert into xt_taskvalue
procdata
CMD_KEEP
buf:@@1|CMD_KEEP|498|@@0
insert into xt_taskvalue
procdata
CMD_KEEP
buf:@@1|CMD_KEEP|499|@@0
insert into xt_taskvalue
procdata
CMD_KEEP
buf:@@1|CMD_KEEP|500|@@0
insert into xt_taskvalue
procdata
CMD_KEEP
buf:@@1|CMD_KEEP|501|@@0
insert into xt_taskvalue
cmdsize=768
databuf0=768
databuf1=552
procdata
CMD_KEEP
buf:@@1|CMD_KEEP|502|@@0
insert into xt_taskvalue
procdata
CMD_KEEP
buf:@@1|CMD_KEEP|503|@@0
insert into xt_taskvalue
procdata
CMD_KEEP
buf:@@1|CMD_KEEP|504|@@0
insert into xt_taskvalue
procdata
CMD_KEEP
buf:@@1|CMD_KEEP|505|@@0
insert into xt_taskvalue
procdata
CMD_KEEP
buf:@@1|CMD_KEEP|506|@@0
insert into xt_taskvalue
cmdsize=768
databuf0=768
databuf1=551
procdata
CMD_KEEP
buf:@@1|CMD_KEEP|507|@@0
insert into xt_taskvalue
procdata
CMD_KEEP
buf:@@1|CMD_KEEP|508|@@0
insert into xt_taskvalue
procdata
CMD_KEEP
buf:@@1|CMD_KEEP|509|@@0
insert into xt_taskvalue
procdata
CMD_KEEP
buf:@@1|CMD_KEEP|510|@@0
insert into xt_taskvalue
procdata
CMD_KEEP
buf:@@1|CMD_KEEP|511|@@0
insert into xt_taskvalue
cmdsize=768
databuf0=768
databuf1=551
procdata
CMD_KEEP
buf:@@1|CMD_KEEP|512|@@0
insert into xt_taskvalue
procdata
CMD_KEEP
buf:@@1|CMD_KEEP|513|@@0
insert into xt_taskvalue
procdata
CMD_KEEP
buf:@@1|CMD_KEEP|514|@@0
insert into xt_taskvalue
procdata
CMD_KEEP
buf:@@1|CMD_KEEP|515|@@0
insert into xt_taskvalue
procdata
CMD_KEEP
buf:@@1|CMD_KEEP|516|@@0
insert into xt_taskvalue
cmdsize=768
databuf0=768
databuf1=550
procdata
CMD_KEEP
buf:@@1|CMD_KEEP|517|@@0
insert into xt_taskvalue
procdata
CMD_KEEP
buf:@@1|CMD_KEEP|518|@@0
insert into xt_taskvalue
procdata
CMD_KEEP
buf:@@1|CMD_KEEP|519|@@0
insert into xt_taskvalue
procdata
CMD_KEEP
buf:@@1|CMD_KEEP|520|@@0
insert into xt_taskvalue
procdata
CMD_KEEP
buf:@@1|CMD_KEEP|521|@@0
insert into xt_taskvalue
cmdsize=768
databuf0=768
databuf1=553
procdata
CMD_KEEP
buf:@@1|CMD_KEEP|522|@@0
insert into xt_taskvalue
procdata
CMD_KEEP
buf:@@1|CMD_KEEP|523|@@0
insert into xt_taskvalue
procdata
CMD_KEEP
buf:@@1|CMD_KEEP|524|@@0
insert into xt_taskvalue
procdata
CMD_KEEP
buf:@@1|CMD_KEEP|525|@@0
insert into xt_taskvalue
procdata
CMD_KEEP
buf:@@1|CMD_KEEP|526|@@0
insert into xt_taskvalue
cmdsize=768
databuf0=768
databuf1=555
procdata
CMD_KEEP
buf:@@1|CMD_KEEP|527|@@0
insert into xt_taskvalue
procdata
CMD_KEEP
buf:@@1|CMD_KEEP|528|@@0
insert into xt_taskvalue
procdata
CMD_KEEP
buf:@@1|CMD_KEEP|529|@@0
insert into xt_taskvalue
procdata
CMD_KEEP
buf:@@1|CMD_KEEP|530|@@0
insert into xt_taskvalue
procdata
CMD_KEEP
buf:@@1|CMD_KEEP|531|@@0
insert into xt_taskvalue
cmdsize=768
databuf0=768
databuf1=553
procdata
CMD_KEEP
buf:@@1|CMD_KEEP|532|@@0
insert into xt_taskvalue
procdata
CMD_KEEP
buf:@@1|CMD_KEEP|533|@@0
insert into xt_taskvalue
procdata
CMD_KEEP
buf:@@1|CMD_KEEP|534|@@0
insert into xt_taskvalue
procdata
CMD_KEEP
buf:@@1|CMD_KEEP|535|@@0
insert into xt_taskvalue
procdata
CMD_KEEP
buf:@@1|CMD_KEEP|536|@@0
insert into xt_taskvalue
cmdsize=768
databuf0=768
databuf1=555
procdata
CMD_KEEP
buf:@@1|CMD_KEEP|537|@@0
insert into xt_taskvalue
procdata
CMD_KEEP
buf:@@1|CMD_KEEP|538|@@0
insert into xt_taskvalue
procdata
CMD_KEEP
buf:@@1|CMD_KEEP|539|@@0
insert into xt_taskvalue
procdata
CMD_KEEP
buf:@@1|CMD_KEEP|540|@@0
insert into xt_taskvalue
procdata
CMD_KEEP
buf:@@1|CMD_KEEP|541|@@0
insert into xt_taskvalue
cmdsize=768
databuf0=768
databuf1=552
procdata
CMD_KEEP
buf:@@1|CMD_KEEP|542|@@0
insert into xt_taskvalue
procdata
CMD_KEEP
buf:@@1|CMD_KEEP|543|@@0
insert into xt_taskvalue
procdata
CMD_KEEP
buf:@@1|CMD_KEEP|544|@@0
insert into xt_taskvalue
procdata
CMD_KEEP
buf:@@1|CMD_KEEP|545|@@0
insert into xt_taskvalue
procdata
CMD_KEEP
buf:@@1|CMD_KEEP|546|@@0
insert into xt_taskvalue
cmdsize=768
databuf0=768
databuf1=554
procdata
CMD_KEEP
buf:@@1|CMD_KEEP|547|@@0
insert into xt_taskvalue
procdata
CMD_KEEP
buf:@@1|CMD_KEEP|548|@@0
insert into xt_taskvalue
procdata
CMD_KEEP
buf:@@1|CMD_KEEP|549|@@0
insert into xt_taskvalue
procdata
CMD_KEEP
buf:@@1|CMD_KEEP|550|@@0
insert into xt_taskvalue
procdata
CMD_KEEP
buf:@@1|CMD_KEEP|551|@@0
insert into xt_taskvalue
cmdsize=768
databuf0=768
databuf1=549
procdata
CMD_KEEP
buf:@@1|CMD_KEEP|552|@@0
insert into xt_taskvalue
procdata
CMD_KEEP
buf:@@1|CMD_KEEP|553|@@0
insert into xt_taskvalue
procdata
CMD_KEEP
buf:@@1|CMD_KEEP|554|@@0
insert into xt_taskvalue
procdata
CMD_KEEP
buf:@@1|CMD_KEEP|555|@@0
insert into xt_taskvalue
procdata
CMD_KEEP
buf:@@1|CMD_KEEP|556|@@0
insert into xt_taskvalue
cmdsize=768
databuf0=768
databuf1=552
procdata
CMD_KEEP
buf:@@1|CMD_KEEP|557|@@0
insert into xt_taskvalue
procdata
CMD_KEEP
buf:@@1|CMD_KEEP|558|@@0
insert into xt_taskvalue
procdata
CMD_KEEP
buf:@@1|CMD_KEEP|559|@@0
insert into xt_taskvalue
procdata
CMD_KEEP
buf:@@1|CMD_KEEP|560|@@0
insert into xt_taskvalue
procdata
CMD_KEEP
buf:@@1|CMD_KEEP|561|@@0
insert into xt_taskvalue
cmdsize=768
databuf0=768
databuf1=551
procdata
CMD_KEEP
buf:@@1|CMD_KEEP|562|@@0
insert into xt_taskvalue
procdata
CMD_KEEP
buf:@@1|CMD_KEEP|563|@@0
insert into xt_taskvalue
procdata
CMD_KEEP
buf:@@1|CMD_KEEP|564|@@0
insert into xt_taskvalue
procdata
CMD_KEEP
buf:@@1|CMD_KEEP|565|@@0
insert into xt_taskvalue
procdata
CMD_KEEP
buf:@@1|CMD_KEEP|566|@@0
insert into xt_taskvalue
cmdsize=768
databuf0=768
databuf1=553
procdata
CMD_KEEP
buf:@@1|CMD_KEEP|567|@@0
insert into xt_taskvalue
procdata
CMD_KEEP
buf:@@1|CMD_KEEP|568|@@0
insert into xt_taskvalue
procdata
CMD_KEEP
buf:@@1|CMD_KEEP|569|@@0
insert into xt_taskvalue
procdata
CMD_KEEP
buf:@@1|CMD_KEEP|570|@@0
insert into xt_taskvalue
procdata
CMD_KEEP
buf:@@1|CMD_KEEP|571|@@0
insert into xt_taskvalue
cmdsize=768
databuf0=768
databuf1=551
procdata
CMD_KEEP
buf:@@1|CMD_KEEP|572|@@0
insert into xt_taskvalue
procdata
CMD_KEEP
buf:@@1|CMD_KEEP|573|@@0
insert into xt_taskvalue
procdata
CMD_KEEP
buf:@@1|CMD_KEEP|574|@@0
insert into xt_taskvalue
procdata
CMD_KEEP
buf:@@1|CMD_KEEP|575|@@0
insert into xt_taskvalue
procdata
CMD_KEEP
buf:@@1|CMD_KEEP|576|@@0
insert into xt_taskvalue
cmdsize=768
databuf0=768
databuf1=551
procdata
CMD_KEEP
buf:@@1|CMD_KEEP|577|@@0
insert into xt_taskvalue
procdata
CMD_KEEP
buf:@@1|CMD_KEEP|578|@@0
insert into xt_taskvalue
procdata
CMD_KEEP
buf:@@1|CMD_KEEP|579|@@0
insert into xt_taskvalue
procdata
CMD_KEEP
buf:@@1|CMD_KEEP|580|@@0
insert into xt_taskvalue
procdata
CMD_KEEP
buf:@@1|CMD_KEEP|581|@@0
insert into xt_taskvalue
cmdsize=768
databuf0=768
databuf1=552
procdata
CMD_KEEP
buf:@@1|CMD_KEEP|582|@@0
insert into xt_taskvalue
procdata
CMD_KEEP
buf:@@1|CMD_KEEP|583|@@0
insert into xt_taskvalue
procdata
CMD_KEEP
buf:@@1|CMD_KEEP|584|@@0
insert into xt_taskvalue
procdata
CMD_KEEP
buf:@@1|CMD_KEEP|585|@@0
insert into xt_taskvalue
procdata
CMD_KEEP
buf:@@1|CMD_KEEP|586|@@0
insert into xt_taskvalue
cmdsize=768
databuf0=768
databuf1=554
procdata
CMD_KEEP
buf:@@1|CMD_KEEP|587|@@0
insert into xt_taskvalue
procdata
CMD_KEEP
buf:@@1|CMD_KEEP|588|@@0
insert into xt_taskvalue
procdata
CMD_KEEP
buf:@@1|CMD_KEEP|589|@@0
insert into xt_taskvalue
procdata
CMD_KEEP
buf:@@1|CMD_KEEP|590|@@0
insert into xt_taskvalue
procdata
CMD_KEEP
buf:@@1|CMD_KEEP|591|@@0
insert into xt_taskvalue
cmdsize=768
databuf0=768
databuf1=553
procdata
CMD_KEEP
buf:@@1|CMD_KEEP|592|@@0
insert into xt_taskvalue
procdata
CMD_KEEP
buf:@@1|CMD_KEEP|593|@@0
insert into xt_taskvalue
procdata
CMD_KEEP
buf:@@1|CMD_KEEP|594|@@0
insert into xt_taskvalue
procdata
CMD_KEEP
buf:@@1|CMD_KEEP|595|@@0
insert into xt_taskvalue
procdata
CMD_KEEP
buf:@@1|CMD_KEEP|596|@@0
insert into xt_taskvalue
cmdsize=768
databuf0=768
databuf1=553
procdata
CMD_KEEP
buf:@@1|CMD_KEEP|597|@@0
insert into xt_taskvalue
procdata
CMD_KEEP
buf:@@1|CMD_KEEP|598|@@0
insert into xt_taskvalue
procdata
CMD_KEEP
buf:@@1|CMD_KEEP|599|@@0
insert into xt_taskvalue
procdata
CMD_KEEP
buf:@@1|CMD_KEEP|600|@@0
insert into xt_taskvalue
procdata
CMD_KEEP
buf:@@1|CMD_KEEP|601|@@0
insert into xt_taskvalue
cmdsize=768
databuf0=768
databuf1=552
procdata
CMD_KEEP
buf:@@1|CMD_KEEP|602|@@0
insert into xt_taskvalue
procdata
CMD_KEEP
buf:@@1|CMD_KEEP|603|@@0
insert into xt_taskvalue
procdata
CMD_KEEP
buf:@@1|CMD_KEEP|604|@@0
insert into xt_taskvalue
procdata
CMD_KEEP
buf:@@1|CMD_KEEP|605|@@0
insert into xt_taskvalue
procdata
CMD_KEEP
buf:@@1|CMD_KEEP|606|@@0
insert into xt_taskvalue
cmdsize=768
databuf0=768
databuf1=551
procdata
CMD_KEEP
buf:@@1|CMD_KEEP|607|@@0
insert into xt_taskvalue
procdata
CMD_KEEP
buf:@@1|CMD_KEEP|608|@@0
insert into xt_taskvalue
procdata
CMD_KEEP
buf:@@1|CMD_KEEP|609|@@0
insert into xt_taskvalue
procdata
CMD_KEEP
buf:@@1|CMD_KEEP|610|@@0
insert into xt_taskvalue
procdata
CMD_KEEP
buf:@@1|CMD_KEEP|611|@@0
insert into xt_taskvalue
cmdsize=768
databuf0=768
databuf1=553
procdata
CMD_KEEP
buf:@@1|CMD_KEEP|612|@@0
insert into xt_taskvalue
procdata
CMD_KEEP
buf:@@1|CMD_KEEP|613|@@0
insert into xt_taskvalue
procdata
CMD_KEEP
buf:@@1|CMD_KEEP|614|@@0
insert into xt_taskvalue
procdata
CMD_KEEP
buf:@@1|CMD_KEEP|615|@@0
insert into xt_taskvalue
procdata
CMD_KEEP
buf:@@1|CMD_KEEP|616|@@0
insert into xt_taskvalue
cmdsize=768
databuf0=768
databuf1=550
procdata
CMD_KEEP
buf:@@1|CMD_KEEP|617|@@0
insert into xt_taskvalue
procdata
CMD_KEEP
buf:@@1|CMD_KEEP|618|@@0
insert into xt_taskvalue
procdata
CMD_KEEP
buf:@@1|CMD_KEEP|619|@@0
insert into xt_taskvalue
procdata
CMD_KEEP
buf:@@1|CMD_KEEP|620|@@0
insert into xt_taskvalue
procdata
CMD_KEEP
buf:@@1|CMD_KEEP|621|@@0
insert into xt_taskvalue
cmdsize=768
databuf0=768
databuf1=552
procdata
CMD_KEEP
buf:@@1|CMD_KEEP|622|@@0
insert into xt_taskvalue
procdata
CMD_KEEP
buf:@@1|CMD_KEEP|623|@@0
insert into xt_taskvalue
procdata
CMD_KEEP
buf:@@1|CMD_KEEP|624|@@0
insert into xt_taskvalue
procdata
CMD_KEEP
buf:@@1|CMD_KEEP|625|@@0
insert into xt_taskvalue
procdata
CMD_KEEP
buf:@@1|CMD_KEEP|626|@@0
insert into xt_taskvalue
cmdsize=768
databuf0=768
databuf1=551
procdata
CMD_KEEP
buf:@@1|CMD_KEEP|627|@@0
insert into xt_taskvalue
procdata
CMD_KEEP
buf:@@1|CMD_KEEP|628|@@0
insert into xt_taskvalue
procdata
CMD_KEEP
buf:@@1|CMD_KEEP|629|@@0
insert into xt_taskvalue
procdata
CMD_KEEP
buf:@@1|CMD_KEEP|630|@@0
insert into xt_taskvalue
procdata
CMD_KEEP
buf:@@1|CMD_KEEP|631|@@0
insert into xt_taskvalue
cmdsize=768
databuf0=768
databuf1=548
procdata
CMD_KEEP
buf:@@1|CMD_KEEP|632|@@0
insert into xt_taskvalue
procdata
CMD_KEEP
buf:@@1|CMD_KEEP|633|@@0
insert into xt_taskvalue
procdata
CMD_KEEP
buf:@@1|CMD_KEEP|634|@@0
insert into xt_taskvalue
procdata
CMD_KEEP
buf:@@1|CMD_KEEP|635|@@0
insert into xt_taskvalue
procdata
CMD_KEEP
buf:@@1|CMD_KEEP|636|@@0
insert into xt_taskvalue
cmdsize=768
databuf0=768
databuf1=554
procdata
CMD_KEEP
buf:@@1|CMD_KEEP|637|@@0
insert into xt_taskvalue
procdata
CMD_KEEP
buf:@@1|CMD_KEEP|638|@@0
insert into xt_taskvalue
procdata
CMD_KEEP
buf:@@1|CMD_KEEP|639|@@0
insert into xt_taskvalue
procdata
CMD_KEEP
buf:@@1|CMD_KEEP|640|@@0
insert into xt_taskvalue
procdata
CMD_KEEP
buf:@@1|CMD_KEEP|641|@@0
insert into xt_taskvalue
cmdsize=768
databuf0=768
databuf1=554
procdata
CMD_KEEP
buf:@@1|CMD_KEEP|642|@@0
insert into xt_taskvalue
procdata
CMD_KEEP
buf:@@1|CMD_KEEP|643|@@0
insert into xt_taskvalue
procdata
CMD_KEEP
buf:@@1|CMD_KEEP|644|@@0
insert into xt_taskvalue
procdata
CMD_KEEP
buf:@@1|CMD_KEEP|645|@@0
insert into xt_taskvalue
procdata
CMD_KEEP
buf:@@1|CMD_KEEP|646|@@0
insert into xt_taskvalue
cmdsize=768
databuf0=768
databuf1=554
procdata
CMD_KEEP
buf:@@1|CMD_KEEP|647|@@0
insert into xt_taskvalue
procdata
CMD_KEEP
buf:@@1|CMD_KEEP|648|@@0
insert into xt_taskvalue
procdata
CMD_KEEP
buf:@@1|CMD_KEEP|649|@@0
insert into xt_taskvalue
procdata
CMD_KEEP
buf:@@1|CMD_KEEP|650|@@0
insert into xt_taskvalue
procdata
CMD_KEEP
buf:@@1|CMD_KEEP|651|@@0
insert into xt_taskvalue
cmdsize=768
databuf0=768
databuf1=553
procdata
CMD_KEEP
buf:@@1|CMD_KEEP|652|@@0
insert into xt_taskvalue
procdata
CMD_KEEP
buf:@@1|CMD_KEEP|653|@@0
insert into xt_taskvalue
procdata
CMD_KEEP
buf:@@1|CMD_KEEP|654|@@0
insert into xt_taskvalue
procdata
CMD_KEEP
buf:@@1|CMD_KEEP|655|@@0
insert into xt_taskvalue
procdata
CMD_KEEP
buf:@@1|CMD_KEEP|656|@@0
insert into xt_taskvalue
cmdsize=768
databuf0=768
databuf1=549
procdata
CMD_KEEP
buf:@@1|CMD_KEEP|657|@@0
insert into xt_taskvalue
procdata
CMD_KEEP
buf:@@1|CMD_KEEP|658|@@0
insert into xt_taskvalue
procdata
CMD_KEEP
buf:@@1|CMD_KEEP|659|@@0
insert into xt_taskvalue
procdata
CMD_KEEP
buf:@@1|CMD_KEEP|660|@@0
insert into xt_taskvalue
procdata
CMD_KEEP
buf:@@1|CMD_KEEP|661|@@0
insert into xt_taskvalue
cmdsize=768
databuf0=768
databuf1=553
procdata
CMD_KEEP
buf:@@1|CMD_KEEP|662|@@0
insert into xt_taskvalue
procdata
CMD_KEEP
buf:@@1|CMD_KEEP|663|@@0
insert into xt_taskvalue
procdata
CMD_KEEP
buf:@@1|CMD_KEEP|664|@@0
insert into xt_taskvalue
procdata
CMD_KEEP
buf:@@1|CMD_KEEP|665|@@0
insert into xt_taskvalue
procdata
CMD_KEEP
buf:@@1|CMD_KEEP|666|@@0
insert into xt_taskvalue
cmdsize=768
databuf0=768
databuf1=551
procdata
CMD_KEEP
buf:@@1|CMD_KEEP|667|@@0
insert into xt_taskvalue
procdata
CMD_KEEP
buf:@@1|CMD_KEEP|668|@@0
insert into xt_taskvalue
procdata
CMD_KEEP
buf:@@1|CMD_KEEP|669|@@0
insert into xt_taskvalue
procdata
CMD_KEEP
buf:@@1|CMD_KEEP|670|@@0
insert into xt_taskvalue
procdata
CMD_KEEP
buf:@@1|CMD_KEEP|671|@@0
insert into xt_taskvalue
cmdsize=768
databuf0=768
databuf1=548
procdata
CMD_KEEP
buf:@@1|CMD_KEEP|672|@@0
insert into xt_taskvalue
procdata
CMD_KEEP
buf:@@1|CMD_KEEP|673|@@0
insert into xt_taskvalue
procdata
CMD_KEEP
buf:@@1|CMD_KEEP|674|@@0
insert into xt_taskvalue
procdata
CMD_KEEP
buf:@@1|CMD_KEEP|675|@@0
insert into xt_taskvalue
procdata
CMD_KEEP
buf:@@1|CMD_KEEP|676|@@0
insert into xt_taskvalue
cmdsize=768
databuf0=768
databuf1=550
procdata
CMD_KEEP
buf:@@1|CMD_KEEP|677|@@0
insert into xt_taskvalue
procdata
CMD_KEEP
buf:@@1|CMD_KEEP|678|@@0
insert into xt_taskvalue
procdata
CMD_KEEP
buf:@@1|CMD_KEEP|679|@@0
insert into xt_taskvalue
procdata
CMD_KEEP
buf:@@1|CMD_KEEP|680|@@0
insert into xt_taskvalue
procdata
CMD_KEEP
buf:@@1|CMD_KEEP|681|@@0
insert into xt_taskvalue
cmdsize=748
databuf0=748
databuf1=543
procdata
CMD_KEEP
buf:@@1|CMD_KEEP|682|@@0
insert into xt_taskvalue
procdata
CMD_KEEP
buf:@@1|CMD_KEEP|683|@@0
insert into xt_taskvalue
procdata
CMD_KEEP
buf:@@1|CMD_KEEP|684|@@0
insert into xt_taskvalue
procdata
CMD_KEEP
buf:@@1|CMD_KEEP|685|@@0
insert into xt_taskvalue
procdata
CMD_KEEP
buf:@@1|CMD_KEEP|686|@@0
insert into xt_taskvalue
cmdsize=748
databuf0=748
databuf1=545
procdata
CMD_KEEP
buf:@@1|CMD_KEEP|687|@@0
insert into xt_taskvalue
procdata
CMD_KEEP
buf:@@1|CMD_KEEP|688|@@0
insert into xt_taskvalue
procdata
CMD_KEEP
buf:@@1|CMD_KEEP|689|@@0
insert into xt_taskvalue
procdata
CMD_KEEP
buf:@@1|CMD_KEEP|690|@@0
insert into xt_taskvalue
procdata
CMD_KEEP
buf:@@1|CMD_KEEP|691|@@0
insert into xt_taskvalue
cmdsize=768
databuf0=769
databuf1=209
cmdsize=768
databuf0=977
databuf1=2082
cmdsize=768
databuf0=3598
databuf1=3636
cmdsize=88
databuf0=88
databuf1=37
procdata
CMD_SET
buf:@@1|CMD_SET|2015-07-24 21:41:20|@@0
cmdsize=768
databuf0=768
databuf1=547
procdata
CMD_KEEP
buf:@@1|CMD_KEEP|692|@@0
insert into xt_taskvalue
procdata
CMD_KEEP
buf:@@1|CMD_KEEP|693|@@0
insert into xt_taskvalue
procdata
CMD_KEEP
buf:@@1|CMD_KEEP|694|@@0
insert into xt_taskvalue
procdata
CMD_KEEP
buf:@@1|CMD_KEEP|695|@@0
insert into xt_taskvalue
procdata
CMD_KEEP
buf:@@1|CMD_KEEP|696|@@0
insert into xt_taskvalue
cmdsize=768
databuf0=768
databuf1=546
procdata
CMD_KEEP
buf:@@1|CMD_KEEP|697|@@0
insert into xt_taskvalue
procdata
CMD_KEEP
buf:@@1|CMD_KEEP|698|@@0
insert into xt_taskvalue
procdata
CMD_KEEP
buf:@@1|CMD_KEEP|699|@@0
insert into xt_taskvalue
procdata
CMD_KEEP
buf:@@1|CMD_KEEP|700|@@0
insert into xt_taskvalue
procdata
CMD_KEEP
buf:@@1|CMD_KEEP|701|@@0
insert into xt_taskvalue
cmdsize=768
databuf0=768
databuf1=553
procdata
CMD_KEEP
buf:@@1|CMD_KEEP|702|@@0
insert into xt_taskvalue
procdata
CMD_KEEP
buf:@@1|CMD_KEEP|703|@@0
insert into xt_taskvalue
procdata
CMD_KEEP
buf:@@1|CMD_KEEP|704|@@0
insert into xt_taskvalue
procdata
CMD_KEEP
buf:@@1|CMD_KEEP|705|@@0
insert into xt_taskvalue
procdata
CMD_KEEP
buf:@@1|CMD_KEEP|706|@@0
insert into xt_taskvalue
cmdsize=768
databuf0=768
databuf1=549
procdata
CMD_KEEP
buf:@@1|CMD_KEEP|707|@@0
insert into xt_taskvalue
procdata
CMD_KEEP
buf:@@1|CMD_KEEP|708|@@0
insert into xt_taskvalue
procdata
CMD_KEEP
buf:@@1|CMD_KEEP|709|@@0
insert into xt_taskvalue
procdata
CMD_KEEP
buf:@@1|CMD_KEEP|710|@@0
insert into xt_taskvalue
procdata
CMD_KEEP
buf:@@1|CMD_KEEP|711|@@0
insert into xt_taskvalue
cmdsize=768
databuf0=768
databuf1=555
procdata
CMD_KEEP
buf:@@1|CMD_KEEP|712|@@0
insert into xt_taskvalue
procdata
CMD_KEEP
buf:@@1|CMD_KEEP|713|@@0
insert into xt_taskvalue
procdata
CMD_KEEP
buf:@@1|CMD_KEEP|714|@@0
insert into xt_taskvalue
procdata
CMD_KEEP
buf:@@1|CMD_KEEP|715|@@0
insert into xt_taskvalue
procdata
CMD_KEEP
buf:@@1|CMD_KEEP|716|@@0
insert into xt_taskvalue
cmdsize=768
databuf0=768
databuf1=552
procdata
CMD_KEEP
buf:@@1|CMD_KEEP|717|@@0
insert into xt_taskvalue
procdata
CMD_KEEP
buf:@@1|CMD_KEEP|718|@@0
insert into xt_taskvalue
procdata
CMD_KEEP
buf:@@1|CMD_KEEP|719|@@0
insert into xt_taskvalue
procdata
CMD_KEEP
buf:@@1|CMD_KEEP|720|@@0
insert into xt_taskvalue
procdata
CMD_KEEP
buf:@@1|CMD_KEEP|721|@@0
insert into xt_taskvalue
cmdsize=768
databuf0=768
databuf1=552
procdata
CMD_KEEP
buf:@@1|CMD_KEEP|722|@@0
insert into xt_taskvalue
procdata
CMD_KEEP
buf:@@1|CMD_KEEP|723|@@0
insert into xt_taskvalue
procdata
CMD_KEEP
buf:@@1|CMD_KEEP|724|@@0
insert into xt_taskvalue
procdata
CMD_KEEP
buf:@@1|CMD_KEEP|725|@@0
insert into xt_taskvalue
procdata
CMD_KEEP
buf:@@1|CMD_KEEP|726|@@0
insert into xt_taskvalue
cmdsize=768
databuf0=768
databuf1=553
procdata
CMD_KEEP
buf:@@1|CMD_KEEP|727|@@0
insert into xt_taskvalue
procdata
CMD_KEEP
buf:@@1|CMD_KEEP|728|@@0
insert into xt_taskvalue
procdata
CMD_KEEP
buf:@@1|CMD_KEEP|729|@@0
insert into xt_taskvalue
procdata
CMD_KEEP
buf:@@1|CMD_KEEP|730|@@0
insert into xt_taskvalue
procdata
CMD_KEEP
buf:@@1|CMD_KEEP|731|@@0
insert into xt_taskvalue
cmdsize=768
databuf0=768
databuf1=554
procdata
CMD_KEEP
buf:@@1|CMD_KEEP|732|@@0
insert into xt_taskvalue
procdata
CMD_KEEP
buf:@@1|CMD_KEEP|733|@@0
insert into xt_taskvalue
procdata
CMD_KEEP
buf:@@1|CMD_KEEP|734|@@0
insert into xt_taskvalue
procdata
CMD_KEEP
buf:@@1|CMD_KEEP|735|@@0
insert into xt_taskvalue
procdata
CMD_KEEP
buf:@@1|CMD_KEEP|736|@@0
insert into xt_taskvalue
cmdsize=768
databuf0=768
databuf1=553
procdata
CMD_KEEP
buf:@@1|CMD_KEEP|737|@@0
insert into xt_taskvalue
procdata
CMD_KEEP
buf:@@1|CMD_KEEP|738|@@0
insert into xt_taskvalue
procdata
CMD_KEEP
buf:@@1|CMD_KEEP|739|@@0
insert into xt_taskvalue
procdata
CMD_KEEP
buf:@@1|CMD_KEEP|740|@@0
insert into xt_taskvalue
procdata
CMD_KEEP
buf:@@1|CMD_KEEP|741|@@0
insert into xt_taskvalue
cmdsize=768
databuf0=768
databuf1=554
procdata
CMD_KEEP
buf:@@1|CMD_KEEP|742|@@0
insert into xt_taskvalue
procdata
CMD_KEEP
buf:@@1|CMD_KEEP|743|@@0
insert into xt_taskvalue
procdata
CMD_KEEP
buf:@@1|CMD_KEEP|744|@@0
insert into xt_taskvalue
procdata
CMD_KEEP
buf:@@1|CMD_KEEP|745|@@0
insert into xt_taskvalue
procdata
CMD_KEEP
buf:@@1|CMD_KEEP|746|@@0
insert into xt_taskvalue
cmdsize=768
databuf0=768
databuf1=552
procdata
CMD_KEEP
buf:@@1|CMD_KEEP|747|@@0
insert into xt_taskvalue
procdata
CMD_KEEP
buf:@@1|CMD_KEEP|748|@@0
insert into xt_taskvalue
procdata
CMD_KEEP
buf:@@1|CMD_KEEP|749|@@0
insert into xt_taskvalue
procdata
CMD_KEEP
buf:@@1|CMD_KEEP|750|@@0
insert into xt_taskvalue
procdata
CMD_KEEP
buf:@@1|CMD_KEEP|751|@@0
insert into xt_taskvalue
cmdsize=768
databuf0=768
databuf1=553
procdata
CMD_KEEP
buf:@@1|CMD_KEEP|752|@@0
insert into xt_taskvalue
procdata
CMD_KEEP
buf:@@1|CMD_KEEP|753|@@0
insert into xt_taskvalue
procdata
CMD_KEEP
buf:@@1|CMD_KEEP|754|@@0
insert into xt_taskvalue
procdata
CMD_KEEP
buf:@@1|CMD_KEEP|755|@@0
insert into xt_taskvalue
procdata
CMD_KEEP
buf:@@1|CMD_KEEP|756|@@0
insert into xt_taskvalue
cmdsize=768
databuf0=768
databuf1=552
procdata
CMD_KEEP
buf:@@1|CMD_KEEP|757|@@0
insert into xt_taskvalue
procdata
CMD_KEEP
buf:@@1|CMD_KEEP|758|@@0
insert into xt_taskvalue
procdata
CMD_KEEP
buf:@@1|CMD_KEEP|759|@@0
insert into xt_taskvalue
procdata
CMD_KEEP
buf:@@1|CMD_KEEP|760|@@0
insert into xt_taskvalue
procdata
CMD_KEEP
buf:@@1|CMD_KEEP|761|@@0
insert into xt_taskvalue
cmdsize=768
databuf0=768
databuf1=553
procdata
CMD_KEEP
buf:@@1|CMD_KEEP|762|@@0
insert into xt_taskvalue
procdata
CMD_KEEP
buf:@@1|CMD_KEEP|763|@@0
insert into xt_taskvalue
procdata
CMD_KEEP
buf:@@1|CMD_KEEP|764|@@0
insert into xt_taskvalue
procdata
CMD_KEEP
buf:@@1|CMD_KEEP|765|@@0
insert into xt_taskvalue
procdata
CMD_KEEP
buf:@@1|CMD_KEEP|766|@@0
insert into xt_taskvalue
cmdsize=768
databuf0=768
databuf1=554
procdata
CMD_KEEP
buf:@@1|CMD_KEEP|767|@@0
insert into xt_taskvalue
procdata
CMD_KEEP
buf:@@1|CMD_KEEP|768|@@0
insert into xt_taskvalue
procdata
CMD_KEEP
buf:@@1|CMD_KEEP|769|@@0
insert into xt_taskvalue
procdata
CMD_KEEP
buf:@@1|CMD_KEEP|770|@@0
insert into xt_taskvalue
procdata
CMD_KEEP
buf:@@1|CMD_KEEP|771|@@0
insert into xt_taskvalue
cmdsize=768
databuf0=768
databuf1=552
procdata
CMD_KEEP
buf:@@1|CMD_KEEP|772|@@0
insert into xt_taskvalue
procdata
CMD_KEEP
buf:@@1|CMD_KEEP|773|@@0
insert into xt_taskvalue
procdata
CMD_KEEP
buf:@@1|CMD_KEEP|774|@@0
insert into xt_taskvalue
procdata
CMD_KEEP
buf:@@1|CMD_KEEP|775|@@0
insert into xt_taskvalue
procdata
CMD_KEEP
buf:@@1|CMD_KEEP|776|@@0
insert into xt_taskvalue
cmdsize=768
databuf0=768
databuf1=550
procdata
CMD_KEEP
buf:@@1|CMD_KEEP|777|@@0
insert into xt_taskvalue
procdata
CMD_KEEP
buf:@@1|CMD_KEEP|778|@@0
insert into xt_taskvalue
procdata
CMD_KEEP
buf:@@1|CMD_KEEP|779|@@0
insert into xt_taskvalue
procdata
CMD_KEEP
buf:@@1|CMD_KEEP|780|@@0
insert into xt_taskvalue
procdata
CMD_KEEP
buf:@@1|CMD_KEEP|781|@@0
insert into xt_taskvalue
cmdsize=768
databuf0=768
databuf1=554
procdata
CMD_KEEP
buf:@@1|CMD_KEEP|782|@@0
insert into xt_taskvalue
procdata
CMD_KEEP
buf:@@1|CMD_KEEP|783|@@0
insert into xt_taskvalue
procdata
CMD_KEEP
buf:@@1|CMD_KEEP|784|@@0
insert into xt_taskvalue
procdata
CMD_KEEP
buf:@@1|CMD_KEEP|785|@@0
insert into xt_taskvalue
procdata
CMD_KEEP
buf:@@1|CMD_KEEP|786|@@0
insert into xt_taskvalue
cmdsize=768
databuf0=768
databuf1=552
procdata
CMD_KEEP
buf:@@1|CMD_KEEP|787|@@0
insert into xt_taskvalue
procdata
CMD_KEEP
buf:@@1|CMD_KEEP|788|@@0
insert into xt_taskvalue
procdata
CMD_KEEP
buf:@@1|CMD_KEEP|789|@@0
insert into xt_taskvalue
procdata
CMD_KEEP
buf:@@1|CMD_KEEP|790|@@0
insert into xt_taskvalue
procdata
CMD_KEEP
buf:@@1|CMD_KEEP|791|@@0
insert into xt_taskvalue
cmdsize=768
databuf0=768
databuf1=552
procdata
CMD_KEEP
buf:@@1|CMD_KEEP|792|@@0
insert into xt_taskvalue
procdata
CMD_KEEP
buf:@@1|CMD_KEEP|793|@@0
insert into xt_taskvalue
procdata
CMD_KEEP
buf:@@1|CMD_KEEP|794|@@0
insert into xt_taskvalue
procdata
CMD_KEEP
buf:@@1|CMD_KEEP|795|@@0
insert into xt_taskvalue
procdata
CMD_KEEP
buf:@@1|CMD_KEEP|796|@@0
insert into xt_taskvalue
cmdsize=768
databuf0=768
databuf1=550
procdata
CMD_KEEP
buf:@@1|CMD_KEEP|797|@@0
insert into xt_taskvalue
procdata
CMD_KEEP
buf:@@1|CMD_KEEP|798|@@0
insert into xt_taskvalue
procdata
CMD_KEEP
buf:@@1|CMD_KEEP|799|@@0
insert into xt_taskvalue
procdata
CMD_KEEP
buf:@@1|CMD_KEEP|800|@@0
insert into xt_taskvalue
procdata
CMD_KEEP
buf:@@1|CMD_KEEP|801|@@0
insert into xt_taskvalue
cmdsize=768
databuf0=768
databuf1=552
procdata
CMD_KEEP
buf:@@1|CMD_KEEP|802|@@0
insert into xt_taskvalue
procdata
CMD_KEEP
buf:@@1|CMD_KEEP|803|@@0
insert into xt_taskvalue
procdata
CMD_KEEP
buf:@@1|CMD_KEEP|804|@@0
insert into xt_taskvalue
procdata
CMD_KEEP
buf:@@1|CMD_KEEP|805|@@0
insert into xt_taskvalue
procdata
CMD_KEEP
buf:@@1|CMD_KEEP|806|@@0
insert into xt_taskvalue
cmdsize=768
databuf0=768
databuf1=551
procdata
CMD_KEEP
buf:@@1|CMD_KEEP|807|@@0
insert into xt_taskvalue
procdata
CMD_KEEP
buf:@@1|CMD_KEEP|808|@@0
insert into xt_taskvalue
procdata
CMD_KEEP
buf:@@1|CMD_KEEP|809|@@0
insert into xt_taskvalue
procdata
CMD_KEEP
buf:@@1|CMD_KEEP|810|@@0
insert into xt_taskvalue
procdata
CMD_KEEP
buf:@@1|CMD_KEEP|811|@@0
insert into xt_taskvalue
cmdsize=768
databuf0=768
databuf1=554
procdata
CMD_KEEP
buf:@@1|CMD_KEEP|812|@@0
insert into xt_taskvalue
procdata
CMD_KEEP
buf:@@1|CMD_KEEP|813|@@0
insert into xt_taskvalue
procdata
CMD_KEEP
buf:@@1|CMD_KEEP|814|@@0
insert into xt_taskvalue
procdata
CMD_KEEP
buf:@@1|CMD_KEEP|815|@@0
insert into xt_taskvalue
procdata
CMD_KEEP
buf:@@1|CMD_KEEP|816|@@0
insert into xt_taskvalue
cmdsize=768
databuf0=768
databuf1=549
procdata
CMD_KEEP
buf:@@1|CMD_KEEP|817|@@0
insert into xt_taskvalue
procdata
CMD_KEEP
buf:@@1|CMD_KEEP|818|@@0
insert into xt_taskvalue
procdata
CMD_KEEP
buf:@@1|CMD_KEEP|819|@@0
insert into xt_taskvalue
procdata
CMD_KEEP
buf:@@1|CMD_KEEP|820|@@0
insert into xt_taskvalue
procdata
CMD_KEEP
buf:@@1|CMD_KEEP|821|@@0
insert into xt_taskvalue
cmdsize=768
databuf0=768
databuf1=550
procdata
CMD_KEEP
buf:@@1|CMD_KEEP|822|@@0
insert into xt_taskvalue
procdata
CMD_KEEP
buf:@@1|CMD_KEEP|823|@@0
insert into xt_taskvalue
procdata
CMD_KEEP
buf:@@1|CMD_KEEP|824|@@0
insert into xt_taskvalue
procdata
CMD_KEEP
buf:@@1|CMD_KEEP|825|@@0
insert into xt_taskvalue
procdata
CMD_KEEP
buf:@@1|CMD_KEEP|826|@@0
insert into xt_taskvalue
cmdsize=768
databuf0=768
databuf1=553
procdata
CMD_KEEP
buf:@@1|CMD_KEEP|827|@@0
insert into xt_taskvalue
procdata
CMD_KEEP
buf:@@1|CMD_KEEP|828|@@0
insert into xt_taskvalue
procdata
CMD_KEEP
buf:@@1|CMD_KEEP|829|@@0
insert into xt_taskvalue
procdata
CMD_KEEP
buf:@@1|CMD_KEEP|830|@@0
insert into xt_taskvalue
procdata
CMD_KEEP
buf:@@1|CMD_KEEP|831|@@0
insert into xt_taskvalue
cmdsize=768
databuf0=768
databuf1=554
procdata
CMD_KEEP
buf:@@1|CMD_KEEP|832|@@0
insert into xt_taskvalue
procdata
CMD_KEEP
buf:@@1|CMD_KEEP|833|@@0
insert into xt_taskvalue
procdata
CMD_KEEP
buf:@@1|CMD_KEEP|834|@@0
insert into xt_taskvalue
procdata
CMD_KEEP
buf:@@1|CMD_KEEP|835|@@0
insert into xt_taskvalue
procdata
CMD_KEEP
buf:@@1|CMD_KEEP|836|@@0
insert into xt_taskvalue
cmdsize=768
databuf0=768
databuf1=552
procdata
CMD_KEEP
buf:@@1|CMD_KEEP|837|@@0
insert into xt_taskvalue
procdata
CMD_KEEP
buf:@@1|CMD_KEEP|838|@@0
insert into xt_taskvalue
procdata
CMD_KEEP
buf:@@1|CMD_KEEP|839|@@0
insert into xt_taskvalue
procdata
CMD_KEEP
buf:@@1|CMD_KEEP|840|@@0
insert into xt_taskvalue
procdata
CMD_KEEP
buf:@@1|CMD_KEEP|841|@@0
insert into xt_taskvalue
cmdsize=768
databuf0=768
databuf1=554
procdata
CMD_KEEP
buf:@@1|CMD_KEEP|842|@@0
insert into xt_taskvalue
procdata
CMD_KEEP
buf:@@1|CMD_KEEP|843|@@0
insert into xt_taskvalue
procdata
CMD_KEEP
buf:@@1|CMD_KEEP|844|@@0
insert into xt_taskvalue
procdata
CMD_KEEP
buf:@@1|CMD_KEEP|845|@@0
insert into xt_taskvalue
procdata
CMD_KEEP
buf:@@1|CMD_KEEP|846|@@0
insert into xt_taskvalue
cmdsize=768
databuf0=768
databuf1=555
procdata
CMD_KEEP
buf:@@1|CMD_KEEP|847|@@0
insert into xt_taskvalue
procdata
CMD_KEEP
buf:@@1|CMD_KEEP|848|@@0
insert into xt_taskvalue
procdata
CMD_KEEP
buf:@@1|CMD_KEEP|849|@@0
insert into xt_taskvalue
procdata
CMD_KEEP
buf:@@1|CMD_KEEP|850|@@0
insert into xt_taskvalue
procdata
CMD_KEEP
buf:@@1|CMD_KEEP|851|@@0
insert into xt_taskvalue
cmdsize=768
databuf0=768
databuf1=554
procdata
CMD_KEEP
buf:@@1|CMD_KEEP|852|@@0
insert into xt_taskvalue
procdata
CMD_KEEP
buf:@@1|CMD_KEEP|853|@@0
insert into xt_taskvalue
procdata
CMD_KEEP
buf:@@1|CMD_KEEP|854|@@0
insert into xt_taskvalue
procdata
CMD_KEEP
buf:@@1|CMD_KEEP|855|@@0
insert into xt_taskvalue
procdata
CMD_KEEP
buf:@@1|CMD_KEEP|856|@@0
insert into xt_taskvalue
cmdsize=768
databuf0=768
databuf1=551
procdata
CMD_KEEP
buf:@@1|CMD_KEEP|857|@@0
insert into xt_taskvalue
procdata
CMD_KEEP
buf:@@1|CMD_KEEP|858|@@0
insert into xt_taskvalue
procdata
CMD_KEEP
buf:@@1|CMD_KEEP|859|@@0
insert into xt_taskvalue
procdata
CMD_KEEP
buf:@@1|CMD_KEEP|860|@@0
insert into xt_taskvalue
procdata
CMD_KEEP
buf:@@1|CMD_KEEP|861|@@0
insert into xt_taskvalue
cmdsize=768
databuf0=768
databuf1=552
procdata
CMD_KEEP
buf:@@1|CMD_KEEP|862|@@0
insert into xt_taskvalue
procdata
CMD_KEEP
buf:@@1|CMD_KEEP|863|@@0
insert into xt_taskvalue
procdata
CMD_KEEP
buf:@@1|CMD_KEEP|864|@@0
insert into xt_taskvalue
procdata
CMD_KEEP
buf:@@1|CMD_KEEP|865|@@0
insert into xt_taskvalue
procdata
CMD_KEEP
buf:@@1|CMD_KEEP|866|@@0
insert into xt_taskvalue
cmdsize=768
databuf0=768
databuf1=553
procdata
CMD_KEEP
buf:@@1|CMD_KEEP|867|@@0
insert into xt_taskvalue
procdata
CMD_KEEP
buf:@@1|CMD_KEEP|868|@@0
insert into xt_taskvalue
procdata
CMD_KEEP
buf:@@1|CMD_KEEP|869|@@0
insert into xt_taskvalue
procdata
CMD_KEEP
buf:@@1|CMD_KEEP|870|@@0
insert into xt_taskvalue
procdata
CMD_KEEP
buf:@@1|CMD_KEEP|871|@@0
insert into xt_taskvalue
cmdsize=768
databuf0=768
databuf1=554
procdata
CMD_KEEP
buf:@@1|CMD_KEEP|872|@@0
insert into xt_taskvalue
procdata
CMD_KEEP
buf:@@1|CMD_KEEP|873|@@0
insert into xt_taskvalue
procdata
CMD_KEEP
buf:@@1|CMD_KEEP|874|@@0
insert into xt_taskvalue
procdata
CMD_KEEP
buf:@@1|CMD_KEEP|875|@@0
insert into xt_taskvalue
procdata
CMD_KEEP
buf:@@1|CMD_KEEP|876|@@0
insert into xt_taskvalue
cmdsize=768
databuf0=768
databuf1=553
procdata
CMD_KEEP
buf:@@1|CMD_KEEP|877|@@0
insert into xt_taskvalue
procdata
CMD_KEEP
buf:@@1|CMD_KEEP|878|@@0
insert into xt_taskvalue
procdata
CMD_KEEP
buf:@@1|CMD_KEEP|879|@@0
insert into xt_taskvalue
procdata
CMD_KEEP
buf:@@1|CMD_KEEP|880|@@0
insert into xt_taskvalue
procdata
CMD_KEEP
buf:@@1|CMD_KEEP|881|@@0
insert into xt_taskvalue
cmdsize=768
databuf0=768
databuf1=554
procdata
CMD_KEEP
buf:@@1|CMD_KEEP|882|@@0
insert into xt_taskvalue
procdata
CMD_KEEP
buf:@@1|CMD_KEEP|883|@@0
insert into xt_taskvalue
procdata
CMD_KEEP
buf:@@1|CMD_KEEP|884|@@0
insert into xt_taskvalue
procdata
CMD_KEEP
buf:@@1|CMD_KEEP|885|@@0
insert into xt_taskvalue
procdata
CMD_KEEP
buf:@@1|CMD_KEEP|886|@@0
insert into xt_taskvalue
cmdsize=768
databuf0=768
databuf1=551
procdata
CMD_KEEP
buf:@@1|CMD_KEEP|887|@@0
insert into xt_taskvalue
procdata
CMD_KEEP
buf:@@1|CMD_KEEP|888|@@0
insert into xt_taskvalue
procdata
CMD_KEEP
buf:@@1|CMD_KEEP|889|@@0
insert into xt_taskvalue
procdata
CMD_KEEP
buf:@@1|CMD_KEEP|890|@@0
insert into xt_taskvalue
procdata
CMD_KEEP
buf:@@1|CMD_KEEP|891|@@0
insert into xt_taskvalue
cmdsize=768
databuf0=768
databuf1=552
procdata
CMD_KEEP
buf:@@1|CMD_KEEP|892|@@0
insert into xt_taskvalue
procdata
CMD_KEEP
buf:@@1|CMD_KEEP|893|@@0
insert into xt_taskvalue
procdata
CMD_KEEP
buf:@@1|CMD_KEEP|894|@@0
insert into xt_taskvalue
procdata
CMD_KEEP
buf:@@1|CMD_KEEP|895|@@0
insert into xt_taskvalue
procdata
CMD_KEEP
buf:@@1|CMD_KEEP|896|@@0
insert into xt_taskvalue
cmdsize=768
databuf0=768
databuf1=550
procdata
CMD_KEEP
buf:@@1|CMD_KEEP|897|@@0
insert into xt_taskvalue
procdata
CMD_KEEP
buf:@@1|CMD_KEEP|898|@@0
insert into xt_taskvalue
procdata
CMD_KEEP
buf:@@1|CMD_KEEP|899|@@0
insert into xt_taskvalue
procdata
CMD_KEEP
buf:@@1|CMD_KEEP|900|@@0
insert into xt_taskvalue
procdata
CMD_KEEP
buf:@@1|CMD_KEEP|901|@@0
insert into xt_taskvalue
cmdsize=768
databuf0=768
databuf1=553
procdata
CMD_KEEP
buf:@@1|CMD_KEEP|902|@@0
insert into xt_taskvalue
procdata
CMD_KEEP
buf:@@1|CMD_KEEP|903|@@0
insert into xt_taskvalue
procdata
CMD_KEEP
buf:@@1|CMD_KEEP|904|@@0
insert into xt_taskvalue
procdata
CMD_KEEP
buf:@@1|CMD_KEEP|905|@@0
insert into xt_taskvalue
procdata
CMD_KEEP
buf:@@1|CMD_KEEP|906|@@0
insert into xt_taskvalue
cmdsize=768
databuf0=768
databuf1=550
procdata
CMD_KEEP
buf:@@1|CMD_KEEP|907|@@0
insert into xt_taskvalue
procdata
CMD_KEEP
buf:@@1|CMD_KEEP|908|@@0
insert into xt_taskvalue
procdata
CMD_KEEP
buf:@@1|CMD_KEEP|909|@@0
insert into xt_taskvalue
procdata
CMD_KEEP
buf:@@1|CMD_KEEP|910|@@0
insert into xt_taskvalue
procdata
CMD_KEEP
buf:@@1|CMD_KEEP|911|@@0
insert into xt_taskvalue
cmdsize=768
databuf0=768
databuf1=549
procdata
CMD_KEEP
buf:@@1|CMD_KEEP|912|@@0
insert into xt_taskvalue
procdata
CMD_KEEP
buf:@@1|CMD_KEEP|913|@@0
insert into xt_taskvalue
procdata
CMD_KEEP
buf:@@1|CMD_KEEP|914|@@0
insert into xt_taskvalue
procdata
CMD_KEEP
buf:@@1|CMD_KEEP|915|@@0
insert into xt_taskvalue
procdata
CMD_KEEP
buf:@@1|CMD_KEEP|916|@@0
insert into xt_taskvalue
cmdsize=768
databuf0=768
databuf1=551
procdata
CMD_KEEP
buf:@@1|CMD_KEEP|917|@@0
insert into xt_taskvalue
procdata
CMD_KEEP
buf:@@1|CMD_KEEP|918|@@0
insert into xt_taskvalue
procdata
CMD_KEEP
buf:@@1|CMD_KEEP|919|@@0
insert into xt_taskvalue
procdata
CMD_KEEP
buf:@@1|CMD_KEEP|920|@@0
insert into xt_taskvalue
procdata
CMD_KEEP
buf:@@1|CMD_KEEP|921|@@0
insert into xt_taskvalue
cmdsize=768
databuf0=768
databuf1=549
procdata
CMD_KEEP
buf:@@1|CMD_KEEP|922|@@0
insert into xt_taskvalue
procdata
CMD_KEEP
buf:@@1|CMD_KEEP|923|@@0
insert into xt_taskvalue
procdata
CMD_KEEP
buf:@@1|CMD_KEEP|924|@@0
insert into xt_taskvalue
procdata
CMD_KEEP
buf:@@1|CMD_KEEP|925|@@0
insert into xt_taskvalue
procdata
CMD_KEEP
buf:@@1|CMD_KEEP|926|@@0
insert into xt_taskvalue
cmdsize=768
databuf0=768
databuf1=552
procdata
CMD_KEEP
buf:@@1|CMD_KEEP|927|@@0
insert into xt_taskvalue
procdata
CMD_KEEP
buf:@@1|CMD_KEEP|928|@@0
insert into xt_taskvalue
procdata
CMD_KEEP
buf:@@1|CMD_KEEP|929|@@0
insert into xt_taskvalue
procdata
CMD_KEEP
buf:@@1|CMD_KEEP|930|@@0
insert into xt_taskvalue
procdata
CMD_KEEP
buf:@@1|CMD_KEEP|931|@@0
insert into xt_taskvalue
cmdsize=768
databuf0=768
databuf1=550
procdata
CMD_KEEP
buf:@@1|CMD_KEEP|932|@@0
insert into xt_taskvalue
procdata
CMD_KEEP
buf:@@1|CMD_KEEP|933|@@0
insert into xt_taskvalue
procdata
CMD_KEEP
buf:@@1|CMD_KEEP|934|@@0
insert into xt_taskvalue
procdata
CMD_KEEP
buf:@@1|CMD_KEEP|935|@@0
insert into xt_taskvalue
procdata
CMD_KEEP
buf:@@1|CMD_KEEP|936|@@0
insert into xt_taskvalue
cmdsize=768
databuf0=768
databuf1=548
procdata
CMD_KEEP
buf:@@1|CMD_KEEP|937|@@0
insert into xt_taskvalue
procdata
CMD_KEEP
buf:@@1|CMD_KEEP|938|@@0
insert into xt_taskvalue
procdata
CMD_KEEP
buf:@@1|CMD_KEEP|939|@@0
insert into xt_taskvalue
procdata
CMD_KEEP
buf:@@1|CMD_KEEP|940|@@0
insert into xt_taskvalue
procdata
CMD_KEEP
buf:@@1|CMD_KEEP|941|@@0
insert into xt_taskvalue
cmdsize=768
databuf0=768
databuf1=554
procdata
CMD_KEEP
buf:@@1|CMD_KEEP|942|@@0
insert into xt_taskvalue
procdata
CMD_KEEP
buf:@@1|CMD_KEEP|943|@@0
insert into xt_taskvalue
procdata
CMD_KEEP
buf:@@1|CMD_KEEP|944|@@0
insert into xt_taskvalue
procdata
CMD_KEEP
buf:@@1|CMD_KEEP|945|@@0
insert into xt_taskvalue
procdata
CMD_KEEP
buf:@@1|CMD_KEEP|946|@@0
insert into xt_taskvalue
cmdsize=768
databuf0=768
databuf1=553
procdata
CMD_KEEP
buf:@@1|CMD_KEEP|947|@@0
insert into xt_taskvalue
procdata
CMD_KEEP
buf:@@1|CMD_KEEP|948|@@0
insert into xt_taskvalue
procdata
CMD_KEEP
buf:@@1|CMD_KEEP|949|@@0
insert into xt_taskvalue
procdata
CMD_KEEP
buf:@@1|CMD_KEEP|950|@@0
insert into xt_taskvalue
procdata
CMD_KEEP
buf:@@1|CMD_KEEP|951|@@0
insert into xt_taskvalue
cmdsize=768
databuf0=768
databuf1=554
procdata
CMD_KEEP
buf:@@1|CMD_KEEP|952|@@0
insert into xt_taskvalue
procdata
CMD_KEEP
buf:@@1|CMD_KEEP|953|@@0
insert into xt_taskvalue
procdata
CMD_KEEP
buf:@@1|CMD_KEEP|954|@@0
insert into xt_taskvalue
procdata
CMD_KEEP
buf:@@1|CMD_KEEP|955|@@0
insert into xt_taskvalue
procdata
CMD_KEEP
buf:@@1|CMD_KEEP|956|@@0
insert into xt_taskvalue
cmdsize=768
databuf0=768
databuf1=552
procdata
CMD_KEEP
buf:@@1|CMD_KEEP|957|@@0
insert into xt_taskvalue
procdata
CMD_KEEP
buf:@@1|CMD_KEEP|958|@@0
insert into xt_taskvalue
procdata
CMD_KEEP
buf:@@1|CMD_KEEP|959|@@0
insert into xt_taskvalue
procdata
CMD_KEEP
buf:@@1|CMD_KEEP|960|@@0
insert into xt_taskvalue
procdata
CMD_KEEP
buf:@@1|CMD_KEEP|961|@@0
insert into xt_taskvalue
cmdsize=768
databuf0=768
databuf1=548
procdata
CMD_KEEP
buf:@@1|CMD_KEEP|962|@@0
insert into xt_taskvalue
procdata
CMD_KEEP
buf:@@1|CMD_KEEP|963|@@0
insert into xt_taskvalue
procdata
CMD_KEEP
buf:@@1|CMD_KEEP|964|@@0
insert into xt_taskvalue
procdata
CMD_KEEP
buf:@@1|CMD_KEEP|965|@@0
insert into xt_taskvalue
procdata
CMD_KEEP
buf:@@1|CMD_KEEP|966|@@0
insert into xt_taskvalue
cmdsize=768
databuf0=768
databuf1=551
procdata
CMD_KEEP
buf:@@1|CMD_KEEP|967|@@0
insert into xt_taskvalue
procdata
CMD_KEEP
buf:@@1|CMD_KEEP|968|@@0
insert into xt_taskvalue
procdata
CMD_KEEP
buf:@@1|CMD_KEEP|969|@@0
insert into xt_taskvalue
procdata
CMD_KEEP
buf:@@1|CMD_KEEP|970|@@0
insert into xt_taskvalue
procdata
CMD_KEEP
buf:@@1|CMD_KEEP|971|@@0
insert into xt_taskvalue
cmdsize=768
databuf0=768
databuf1=553
procdata
CMD_KEEP
buf:@@1|CMD_KEEP|972|@@0
insert into xt_taskvalue
procdata
CMD_KEEP
buf:@@1|CMD_KEEP|973|@@0
insert into xt_taskvalue
procdata
CMD_KEEP
buf:@@1|CMD_KEEP|974|@@0
insert into xt_taskvalue
procdata
CMD_KEEP
buf:@@1|CMD_KEEP|975|@@0
insert into xt_taskvalue
procdata
CMD_KEEP
buf:@@1|CMD_KEEP|976|@@0
insert into xt_taskvalue
cmdsize=768
databuf0=768
databuf1=553
procdata
CMD_KEEP
buf:@@1|CMD_KEEP|977|@@0
insert into xt_taskvalue
procdata
CMD_KEEP
buf:@@1|CMD_KEEP|978|@@0
insert into xt_taskvalue
procdata
CMD_KEEP
buf:@@1|CMD_KEEP|979|@@0
insert into xt_taskvalue
procdata
CMD_KEEP
buf:@@1|CMD_KEEP|980|@@0
insert into xt_taskvalue
procdata
CMD_KEEP
buf:@@1|CMD_KEEP|981|@@0
insert into xt_taskvalue
cmdsize=768
databuf0=768
databuf1=552
procdata
CMD_KEEP
buf:@@1|CMD_KEEP|982|@@0
insert into xt_taskvalue
procdata
CMD_KEEP
buf:@@1|CMD_KEEP|983|@@0
insert into xt_taskvalue
procdata
CMD_KEEP
buf:@@1|CMD_KEEP|984|@@0
insert into xt_taskvalue
procdata
CMD_KEEP
buf:@@1|CMD_KEEP|985|@@0
insert into xt_taskvalue
procdata
CMD_KEEP
buf:@@1|CMD_KEEP|986|@@0
insert into xt_taskvalue
cmdsize=768
databuf0=768
databuf1=550
procdata
CMD_KEEP
buf:@@1|CMD_KEEP|987|@@0
insert into xt_taskvalue
procdata
CMD_KEEP
buf:@@1|CMD_KEEP|988|@@0
insert into xt_taskvalue
procdata
CMD_KEEP
buf:@@1|CMD_KEEP|989|@@0
insert into xt_taskvalue
procdata
CMD_KEEP
buf:@@1|CMD_KEEP|990|@@0
insert into xt_taskvalue
procdata
CMD_KEEP
buf:@@1|CMD_KEEP|991|@@0
insert into xt_taskvalue
cmdsize=768
databuf0=768
databuf1=552
procdata
CMD_KEEP
buf:@@1|CMD_KEEP|992|@@0
insert into xt_taskvalue
procdata
CMD_KEEP
buf:@@1|CMD_KEEP|993|@@0
insert into xt_taskvalue
procdata
CMD_KEEP
buf:@@1|CMD_KEEP|994|@@0
insert into xt_taskvalue
procdata
CMD_KEEP
buf:@@1|CMD_KEEP|995|@@0
insert into xt_taskvalue
procdata
CMD_KEEP
buf:@@1|CMD_KEEP|996|@@0
insert into xt_taskvalue
cmdsize=768
databuf0=768
databuf1=553
procdata
CMD_KEEP
buf:@@1|CMD_KEEP|997|@@0
insert into xt_taskvalue
procdata
CMD_KEEP
buf:@@1|CMD_KEEP|998|@@0
insert into xt_taskvalue
procdata
CMD_KEEP
buf:@@1|CMD_KEEP|999|@@0
insert into xt_taskvalue
procdata
CMD_KEEP
buf:@@1|CMD_KEEP|1000|@@0
insert into xt_taskvalue
procdata
CMD_KEEP
buf:@@1|CMD_KEEP|1001|@@0
insert into xt_taskvalue
cmdsize=768
databuf0=768
databuf1=555
procdata
CMD_KEEP
buf:@@1|CMD_KEEP|1002|@@0
insert into xt_taskvalue
procdata
CMD_KEEP
buf:@@1|CMD_KEEP|1003|@@0
insert into xt_taskvalue
procdata
CMD_KEEP
buf:@@1|CMD_KEEP|1004|@@0
insert into xt_taskvalue
procdata
CMD_KEEP
buf:@@1|CMD_KEEP|1005|@@0
insert into xt_taskvalue
procdata
CMD_KEEP
buf:@@1|CMD_KEEP|1006|@@0
insert into xt_taskvalue
cmdsize=768
databuf0=768
databuf1=559
procdata
CMD_KEEP
buf:@@1|CMD_KEEP|1007|@@0
insert into xt_taskvalue
procdata
CMD_KEEP
buf:@@1|CMD_KEEP|1008|@@0
insert into xt_taskvalue
procdata
CMD_KEEP
buf:@@1|CMD_KEEP|1009|@@0
insert into xt_taskvalue
procdata
CMD_KEEP
buf:@@1|CMD_KEEP|1010|@@0
insert into xt_taskvalue
procdata
CMD_KEEP
buf:@@1|CMD_KEEP|1011|@@0
insert into xt_taskvalue
cmdsize=768
databuf0=768
databuf1=558
procdata
CMD_KEEP
buf:@@1|CMD_KEEP|1012|@@0
insert into xt_taskvalue
procdata
CMD_KEEP
buf:@@1|CMD_KEEP|1013|@@0
insert into xt_taskvalue
procdata
CMD_KEEP
buf:@@1|CMD_KEEP|1014|@@0
insert into xt_taskvalue
procdata
CMD_KEEP
buf:@@1|CMD_KEEP|1015|@@0
insert into xt_taskvalue
procdata
CMD_KEEP
buf:@@1|CMD_KEEP|1016|@@0
insert into xt_taskvalue
cmdsize=768
databuf0=768
databuf1=557
procdata
CMD_KEEP
buf:@@1|CMD_KEEP|1017|@@0
insert into xt_taskvalue
procdata
CMD_KEEP
buf:@@1|CMD_KEEP|1018|@@0
insert into xt_taskvalue
procdata
CMD_KEEP
buf:@@1|CMD_KEEP|1019|@@0
insert into xt_taskvalue
procdata
CMD_KEEP
buf:@@1|CMD_KEEP|1020|@@0
insert into xt_taskvalue
procdata
CMD_KEEP
buf:@@1|CMD_KEEP|1021|@@0
insert into xt_taskvalue
cmdsize=768
databuf0=768
databuf1=558
procdata
CMD_KEEP
buf:@@1|CMD_KEEP|1022|@@0
insert into xt_taskvalue
procdata
CMD_KEEP
buf:@@1|CMD_KEEP|1023|@@0
insert into xt_taskvalue
procdata
CMD_KEEP
buf:@@1|CMD_KEEP|1024|@@0
insert into xt_taskvalue
procdata
CMD_KEEP
buf:@@1|CMD_KEEP|1025|@@0
insert into xt_taskvalue
procdata
CMD_KEEP
buf:@@1|CMD_KEEP|1026|@@0
insert into xt_taskvalue
cmdsize=768
databuf0=768
databuf1=561
procdata
CMD_KEEP
buf:@@1|CMD_KEEP|1027|@@0
insert into xt_taskvalue
procdata
CMD_KEEP
buf:@@1|CMD_KEEP|1028|@@0
insert into xt_taskvalue
procdata
CMD_KEEP
buf:@@1|CMD_KEEP|1029|@@0
insert into xt_taskvalue
procdata
CMD_KEEP
buf:@@1|CMD_KEEP|1030|@@0
insert into xt_taskvalue
procdata
CMD_KEEP
buf:@@1|CMD_KEEP|1031|@@0
insert into xt_taskvalue
cmdsize=768
databuf0=769
databuf1=550
cmdsize=768
databuf0=2351
databuf1=123
Error in my_thread_global_end(): 1 threads didn't exit
Error in my_thread_global_end(): 2 threads didn't exit
Error in my_thread_global_end(): 3 threads didn't exit
Error in my_thread_global_end(): 4 threads didn't exit
Error in my_thread_global_end(): 5 threads didn't exit
Error in my_thread_global_end(): 1 threads didn't exit
Error in my_thread_global_end(): 2 threads didn't exit
Error in my_thread_global_end(): 3 threads didn't exit
Error in my_thread_global_end(): 4 threads didn't exit
Error in my_thread_global_end(): 5 threads didn't exit
Error in my_thread_global_end(): 6 threads didn't exit
Error in my_thread_global_end(): 7 threads didn't exit
Error in my_thread_global_end(): 8 threads didn't exit
Error in my_thread_global_end(): 1 threads didn't exit
